<?xml version="1.0" encoding="UTF-8" standalone="yes"?>
<!DOCTYPE report PUBLIC "-//JACOCO//DTD Report 1.1//EN" "report.dtd">
<report name="JaCoCo">
	<sessioninfo id="org.jacoco.core.test" start="1711643599011" dump="1711643599804"/>
	<sessioninfo id="org.jacoco.report.test" start="1711643624959" dump="1711643625843"/>
	<sessioninfo id="org.jacoco.agent.rt.test" start="1711643629268" dump="1711643633075"/>
	<sessioninfo id="org.jacoco.agent.test" start="1711643634767" dump="1711643634882"/>
	<sessioninfo id="org.jacoco.ant.test" start="1711643636950" dump="1711643647707"/>
	<sessioninfo id="org.jacoco.cli.test" start="1711643650050" dump="1711643651490"/>
	<sessioninfo id="org.jacoco.examples.test" start="1711643653424" dump="1711643653588"/>
	<sessioninfo id="jacoco-maven-plugin.test" start="1711643662539" dump="1711643663650"/>
	<sessioninfo id="jacoco-maven-plugin.test" start="1711643663764" dump="1711643667187"/>
	<sessioninfo id="jacoco-maven-plugin.test" start="1711643667330" dump="1711643669252"/>
	<sessioninfo id="jacoco-maven-plugin.test" start="1711643669366" dump="1711643671227"/>
	<sessioninfo id="jacoco-maven-plugin.test" start="1711643671366" dump="1711643673360"/>
	<sessioninfo id="jacoco-maven-plugin.test" start="1711643673495" dump="1711643677568"/>
	<sessioninfo id="jacoco-maven-plugin.test" start="1711643677682" dump="1711643679573"/>
	<sessioninfo id="jacoco-maven-plugin.test" start="1711643679675" dump="1711643681588"/>
	<sessioninfo id="jacoco-maven-plugin.test" start="1711643681719" dump="1711643683554"/>
	<sessioninfo id="jacoco-maven-plugin.test" start="1711643683687" dump="1711643686035"/>
	<sessioninfo id="jacoco-maven-plugin.test" start="1711643686174" dump="1711643688428"/>
	<sessioninfo id="jacoco-maven-plugin.test" start="1711643688567" dump="1711643690408"/>
	<sessioninfo id="jacoco-maven-plugin.test" start="1711643690515" dump="1711643692596"/>
	<sessioninfo id="jacoco-maven-plugin.test" start="1711643692705" dump="1711643694294"/>
	<sessioninfo id="jacoco-maven-plugin.test" start="1711643694437" dump="1711643696145"/>
	<sessioninfo id="jacoco-maven-plugin.test" start="1711643696273" dump="1711643699548"/>
	<sessioninfo id="jacoco-maven-plugin.test" start="1711643699680" dump="1711643702109"/>
	<sessioninfo id="jacoco-maven-plugin.test" start="1711643702244" dump="1711643703913"/>
	<sessioninfo id="jacoco-maven-plugin.test" start="1711643704026" dump="1711643705895"/>
	<sessioninfo id="jacoco-maven-plugin.test" start="1711643706040" dump="1711643707509"/>
	<sessioninfo id="jacoco-maven-plugin.test" start="1711643707654" dump="1711643709544"/>
	<sessioninfo id="jacoco-maven-plugin.test" start="1711643709672" dump="1711643711194"/>
	<sessioninfo id="jacoco-maven-plugin.test" start="1711643711340" dump="1711643716180"/>
	<sessioninfo id="jacoco-maven-plugin.test" start="1711643716319" dump="1711643719922"/>
	<group name="org.jacoco.core">
		<package name="org/jacoco/core/tools">
			<class name="org/jacoco/core/tools/ExecFileLoader" sourcefilename="ExecFileLoader.java">
				<method name="&lt;init&gt;" desc="()V" line="42">
					<counter type="INSTRUCTION" missed="0" covered="13"/>
					<counter type="LINE" missed="0" covered="4"/>
					<counter type="COMPLEXITY" missed="0" covered="1"/>
					<counter type="METHOD" missed="0" covered="1"/>
				</method>
				<method name="load" desc="(Ljava/io/InputStream;)V" line="56">
					<counter type="INSTRUCTION" missed="0" covered="20"/>
					<counter type="LINE" missed="0" covered="6"/>
					<counter type="COMPLEXITY" missed="0" covered="1"/>
					<counter type="METHOD" missed="0" covered="1"/>
				</method>
				<method name="load" desc="(Ljava/io/File;)V" line="72">
					<counter type="INSTRUCTION" missed="0" covered="12"/>
					<counter type="LINE" missed="0" covered="5"/>
					<counter type="COMPLEXITY" missed="0" covered="1"/>
					<counter type="METHOD" missed="0" covered="1"/>
				</method>
				<method name="save" desc="(Ljava/io/OutputStream;)V" line="89">
					<counter type="INSTRUCTION" missed="0" covered="14"/>
					<counter type="LINE" missed="0" covered="4"/>
					<counter type="COMPLEXITY" missed="0" covered="1"/>
					<counter type="METHOD" missed="0" covered="1"/>
				</method>
				<method name="save" desc="(Ljava/io/File;Z)V" line="108">
					<counter type="INSTRUCTION" missed="0" covered="30"/>
					<counter type="BRANCH" missed="1" covered="1"/>
					<counter type="LINE" missed="0" covered="11"/>
					<counter type="COMPLEXITY" missed="1" covered="1"/>
					<counter type="METHOD" missed="0" covered="1"/>
				</method>
				<method name="getSessionInfoStore" desc="()Lorg/jacoco/core/data/SessionInfoStore;" line="130">
					<counter type="INSTRUCTION" missed="0" covered="3"/>
					<counter type="LINE" missed="0" covered="1"/>
					<counter type="COMPLEXITY" missed="0" covered="1"/>
					<counter type="METHOD" missed="0" covered="1"/>
				</method>
				<method name="getExecutionDataStore" desc="()Lorg/jacoco/core/data/ExecutionDataStore;" line="139">
					<counter type="INSTRUCTION" missed="0" covered="3"/>
					<counter type="LINE" missed="0" covered="1"/>
					<counter type="COMPLEXITY" missed="0" covered="1"/>
					<counter type="METHOD" missed="0" covered="1"/>
				</method>
				<counter type="INSTRUCTION" missed="0" covered="95"/>
				<counter type="BRANCH" missed="1" covered="1"/>
				<counter type="LINE" missed="0" covered="32"/>
				<counter type="COMPLEXITY" missed="1" covered="7"/>
				<counter type="METHOD" missed="0" covered="7"/>
				<counter type="CLASS" missed="0" covered="1"/>
			</class>
			<class name="org/jacoco/core/tools/ExecDumpClient" sourcefilename="ExecDumpClient.java">
				<method name="&lt;init&gt;" desc="()V" line="38">
					<counter type="INSTRUCTION" missed="0" covered="15"/>
					<counter type="LINE" missed="0" covered="6"/>
					<counter type="COMPLEXITY" missed="0" covered="1"/>
					<counter type="METHOD" missed="0" covered="1"/>
				</method>
				<method name="setDump" desc="(Z)V" line="52">
					<counter type="INSTRUCTION" missed="0" covered="4"/>
					<counter type="LINE" missed="0" covered="2"/>
					<counter type="COMPLEXITY" missed="0" covered="1"/>
					<counter type="METHOD" missed="0" covered="1"/>
				</method>
				<method name="setReset" desc="(Z)V" line="62">
					<counter type="INSTRUCTION" missed="0" covered="4"/>
					<counter type="LINE" missed="0" covered="2"/>
					<counter type="COMPLEXITY" missed="0" covered="1"/>
					<counter type="METHOD" missed="0" covered="1"/>
				</method>
				<method name="setRetryCount" desc="(I)V" line="73">
					<counter type="INSTRUCTION" missed="0" covered="4"/>
					<counter type="LINE" missed="0" covered="2"/>
					<counter type="COMPLEXITY" missed="0" covered="1"/>
					<counter type="METHOD" missed="0" covered="1"/>
				</method>
				<method name="setRetryDelay" desc="(J)V" line="83">
					<counter type="INSTRUCTION" missed="0" covered="4"/>
					<counter type="LINE" missed="0" covered="2"/>
					<counter type="COMPLEXITY" missed="0" covered="1"/>
					<counter type="METHOD" missed="0" covered="1"/>
				</method>
				<method name="dump" desc="(Ljava/lang/String;I)Lorg/jacoco/core/tools/ExecFileLoader;" line="99">
					<counter type="INSTRUCTION" missed="0" covered="6"/>
					<counter type="LINE" missed="0" covered="1"/>
					<counter type="COMPLEXITY" missed="0" covered="1"/>
					<counter type="METHOD" missed="0" covered="1"/>
				</method>
				<method name="dump" desc="(Ljava/net/InetAddress;I)Lorg/jacoco/core/tools/ExecFileLoader;" line="115">
					<counter type="INSTRUCTION" missed="0" covered="47"/>
					<counter type="BRANCH" missed="0" covered="2"/>
					<counter type="LINE" missed="0" covered="14"/>
					<counter type="COMPLEXITY" missed="0" covered="2"/>
					<counter type="METHOD" missed="0" covered="1"/>
				</method>
				<method name="tryConnect" desc="(Ljava/net/InetAddress;I)Ljava/net/Socket;" line="140">
					<counter type="INSTRUCTION" missed="0" covered="26"/>
					<counter type="BRANCH" missed="0" covered="2"/>
					<counter type="LINE" missed="0" covered="9"/>
					<counter type="COMPLEXITY" missed="0" covered="2"/>
					<counter type="METHOD" missed="0" covered="1"/>
				</method>
				<method name="sleep" desc="()V" line="157">
					<counter type="INSTRUCTION" missed="5" covered="5"/>
					<counter type="LINE" missed="1" covered="3"/>
					<counter type="COMPLEXITY" missed="0" covered="1"/>
					<counter type="METHOD" missed="0" covered="1"/>
				</method>
				<method name="onConnecting" desc="(Ljava/net/InetAddress;I)V" line="175">
					<counter type="INSTRUCTION" missed="1" covered="0"/>
					<counter type="LINE" missed="1" covered="0"/>
					<counter type="COMPLEXITY" missed="1" covered="0"/>
					<counter type="METHOD" missed="1" covered="0"/>
				</method>
				<method name="onConnectionFailure" desc="(Ljava/io/IOException;)V" line="186">
					<counter type="INSTRUCTION" missed="1" covered="0"/>
					<counter type="LINE" missed="1" covered="0"/>
					<counter type="COMPLEXITY" missed="1" covered="0"/>
					<counter type="METHOD" missed="1" covered="0"/>
				</method>
				<counter type="INSTRUCTION" missed="7" covered="115"/>
				<counter type="BRANCH" missed="0" covered="4"/>
				<counter type="LINE" missed="3" covered="41"/>
				<counter type="COMPLEXITY" missed="2" covered="11"/>
				<counter type="METHOD" missed="2" covered="9"/>
				<counter type="CLASS" missed="0" covered="1"/>
			</class>
			<sourcefile name="ExecDumpClient.java">
				<line nr="38" mi="0" ci="2" mb="0" cb="0"/>
				<line nr="39" mi="0" ci="3" mb="0" cb="0"/>
				<line nr="40" mi="0" ci="3" mb="0" cb="0"/>
				<line nr="41" mi="0" ci="3" mb="0" cb="0"/>
				<line nr="42" mi="0" ci="3" mb="0" cb="0"/>
				<line nr="43" mi="0" ci="1" mb="0" cb="0"/>
				<line nr="52" mi="0" ci="3" mb="0" cb="0"/>
				<line nr="53" mi="0" ci="1" mb="0" cb="0"/>
				<line nr="62" mi="0" ci="3" mb="0" cb="0"/>
				<line nr="63" mi="0" ci="1" mb="0" cb="0"/>
				<line nr="73" mi="0" ci="3" mb="0" cb="0"/>
				<line nr="74" mi="0" ci="1" mb="0" cb="0"/>
				<line nr="83" mi="0" ci="3" mb="0" cb="0"/>
				<line nr="84" mi="0" ci="1" mb="0" cb="0"/>
				<line nr="99" mi="0" ci="6" mb="0" cb="0"/>
				<line nr="115" mi="0" ci="4" mb="0" cb="0"/>
				<line nr="116" mi="0" ci="5" mb="0" cb="0"/>
				<line nr="118" mi="0" ci="4" mb="0" cb="0"/>
				<line nr="119" mi="0" ci="2" mb="0" cb="0"/>
				<line nr="120" mi="0" ci="4" mb="0" cb="0"/>
				<line nr="121" mi="0" ci="2" mb="0" cb="0"/>
				<line nr="122" mi="0" ci="4" mb="0" cb="0"/>
				<line nr="123" mi="0" ci="1" mb="0" cb="0"/>
				<line nr="124" mi="0" ci="3" mb="0" cb="0"/>
				<line nr="126" mi="0" ci="6" mb="0" cb="0"/>
				<line nr="128" mi="0" ci="3" mb="0" cb="2"/>
				<line nr="129" mi="0" ci="5" mb="0" cb="0"/>
				<line nr="133" mi="0" ci="2" mb="0" cb="0"/>
				<line nr="135" mi="0" ci="2" mb="0" cb="0"/>
				<line nr="140" mi="0" ci="2" mb="0" cb="0"/>
				<line nr="141" mi="0" ci="1" mb="0" cb="0"/>
				<line nr="143" mi="0" ci="4" mb="0" cb="0"/>
				<line nr="144" mi="0" ci="6" mb="0" cb="0"/>
				<line nr="145" mi="0" ci="1" mb="0" cb="0"/>
				<line nr="146" mi="0" ci="5" mb="0" cb="2"/>
				<line nr="147" mi="0" ci="2" mb="0" cb="0"/>
				<line nr="149" mi="0" ci="3" mb="0" cb="0"/>
				<line nr="150" mi="0" ci="2" mb="0" cb="0"/>
				<line nr="157" mi="0" ci="3" mb="0" cb="0"/>
				<line nr="158" mi="1" ci="1" mb="0" cb="0"/>
				<line nr="159" mi="4" ci="0" mb="0" cb="0"/>
				<line nr="161" mi="0" ci="1" mb="0" cb="0"/>
				<line nr="175" mi="1" ci="0" mb="0" cb="0"/>
				<line nr="186" mi="1" ci="0" mb="0" cb="0"/>
				<counter type="INSTRUCTION" missed="7" covered="115"/>
				<counter type="BRANCH" missed="0" covered="4"/>
				<counter type="LINE" missed="3" covered="41"/>
				<counter type="COMPLEXITY" missed="2" covered="11"/>
				<counter type="METHOD" missed="2" covered="9"/>
				<counter type="CLASS" missed="0" covered="1"/>
			</sourcefile>
			<sourcefile name="ExecFileLoader.java">
				<line nr="42" mi="0" ci="2" mb="0" cb="0"/>
				<line nr="43" mi="0" ci="5" mb="0" cb="0"/>
				<line nr="44" mi="0" ci="5" mb="0" cb="0"/>
				<line nr="45" mi="0" ci="1" mb="0" cb="0"/>
				<line nr="56" mi="0" ci="4" mb="0" cb="0"/>
				<line nr="57" mi="0" ci="4" mb="0" cb="0"/>
				<line nr="58" mi="0" ci="4" mb="0" cb="0"/>
				<line nr="59" mi="0" ci="4" mb="0" cb="0"/>
				<line nr="60" mi="0" ci="3" mb="0" cb="0"/>
				<line nr="61" mi="0" ci="1" mb="0" cb="0"/>
				<line nr="72" mi="0" ci="5" mb="0" cb="0"/>
				<line nr="74" mi="0" ci="3" mb="0" cb="0"/>
				<line nr="75" mi="0" ci="1" mb="0" cb="0"/>
				<line nr="76" mi="0" ci="2" mb="0" cb="0"/>
				<line nr="78" mi="0" ci="1" mb="0" cb="0"/>
				<line nr="89" mi="0" ci="5" mb="0" cb="0"/>
				<line nr="90" mi="0" ci="4" mb="0" cb="0"/>
				<line nr="91" mi="0" ci="4" mb="0" cb="0"/>
				<line nr="92" mi="0" ci="1" mb="0" cb="0"/>
				<line nr="108" mi="0" ci="3" mb="0" cb="0"/>
				<line nr="109" mi="0" ci="2" mb="1" cb="1"/>
				<line nr="110" mi="0" ci="3" mb="0" cb="0"/>
				<line nr="112" mi="0" ci="6" mb="0" cb="0"/>
				<line nr="114" mi="0" ci="4" mb="0" cb="0"/>
				<line nr="115" mi="0" ci="4" mb="0" cb="0"/>
				<line nr="116" mi="0" ci="1" mb="0" cb="0"/>
				<line nr="118" mi="0" ci="3" mb="0" cb="0"/>
				<line nr="119" mi="0" ci="1" mb="0" cb="0"/>
				<line nr="120" mi="0" ci="2" mb="0" cb="0"/>
				<line nr="122" mi="0" ci="1" mb="0" cb="0"/>
				<line nr="130" mi="0" ci="3" mb="0" cb="0"/>
				<line nr="139" mi="0" ci="3" mb="0" cb="0"/>
				<counter type="INSTRUCTION" missed="0" covered="95"/>
				<counter type="BRANCH" missed="1" covered="1"/>
				<counter type="LINE" missed="0" covered="32"/>
				<counter type="COMPLEXITY" missed="1" covered="7"/>
				<counter type="METHOD" missed="0" covered="7"/>
				<counter type="CLASS" missed="0" covered="1"/>
			</sourcefile>
			<counter type="INSTRUCTION" missed="7" covered="210"/>
			<counter type="BRANCH" missed="1" covered="5"/>
			<counter type="LINE" missed="3" covered="73"/>
			<counter type="COMPLEXITY" missed="3" covered="18"/>
			<counter type="METHOD" missed="2" covered="16"/>
			<counter type="CLASS" missed="0" covered="2"/>
		</package>
		<package name="org/jacoco/core/runtime">
			<class name="org/jacoco/core/runtime/ModifiedSystemClassRuntime" sourcefilename="ModifiedSystemClassRuntime.java">
				<method name="&lt;init&gt;" desc="(Ljava/lang/Class;Ljava/lang/String;)V" line="57">
					<counter type="INSTRUCTION" missed="0" covered="16"/>
					<counter type="LINE" missed="0" covered="5"/>
					<counter type="COMPLEXITY" missed="0" covered="1"/>
					<counter type="METHOD" missed="0" covered="1"/>
				</method>
				<method name="startup" desc="(Lorg/jacoco/core/runtime/RuntimeData;)V" line="65">
					<counter type="INSTRUCTION" missed="0" covered="14"/>
					<counter type="LINE" missed="0" covered="4"/>
					<counter type="COMPLEXITY" missed="0" covered="1"/>
					<counter type="METHOD" missed="0" covered="1"/>
				</method>
				<method name="shutdown" desc="()V" line="72">
					<counter type="INSTRUCTION" missed="0" covered="1"/>
					<counter type="LINE" missed="0" covered="1"/>
					<counter type="COMPLEXITY" missed="0" covered="1"/>
					<counter type="METHOD" missed="0" covered="1"/>
				</method>
				<method name="generateDataAccessor" desc="(JLjava/lang/String;ILorg/objectweb/asm/MethodVisitor;)I" line="77">
					<counter type="INSTRUCTION" missed="0" covered="15"/>
					<counter type="LINE" missed="0" covered="4"/>
					<counter type="COMPLEXITY" missed="0" covered="1"/>
					<counter type="METHOD" missed="0" covered="1"/>
				</method>
				<method name="createFor" desc="(Ljava/lang/instrument/Instrumentation;Ljava/lang/String;)Lorg/jacoco/core/runtime/IRuntime;" line="101">
					<counter type="INSTRUCTION" missed="5" covered="0"/>
					<counter type="LINE" missed="1" covered="0"/>
					<counter type="COMPLEXITY" missed="1" covered="0"/>
					<counter type="METHOD" missed="1" covered="0"/>
				</method>
				<method name="createFor" desc="(Ljava/lang/instrument/Instrumentation;Ljava/lang/String;Ljava/lang/String;)Lorg/jacoco/core/runtime/IRuntime;" line="123">
					<counter type="INSTRUCTION" missed="11" covered="33"/>
					<counter type="LINE" missed="2" covered="8"/>
					<counter type="COMPLEXITY" missed="0" covered="1"/>
					<counter type="METHOD" missed="0" covered="1"/>
				</method>
				<method name="instrument" desc="([BLjava/lang/String;)[B" line="158">
					<counter type="INSTRUCTION" missed="0" covered="21"/>
					<counter type="LINE" missed="0" covered="5"/>
					<counter type="COMPLEXITY" missed="0" covered="1"/>
					<counter type="METHOD" missed="0" covered="1"/>
				</method>
				<method name="createDataField" desc="(Lorg/objectweb/asm/ClassVisitor;Ljava/lang/String;)V" line="174">
					<counter type="INSTRUCTION" missed="0" covered="9"/>
					<counter type="LINE" missed="0" covered="4"/>
					<counter type="COMPLEXITY" missed="0" covered="1"/>
					<counter type="METHOD" missed="0" covered="1"/>
				</method>
				<counter type="INSTRUCTION" missed="16" covered="109"/>
				<counter type="LINE" missed="3" covered="31"/>
				<counter type="COMPLEXITY" missed="1" covered="7"/>
				<counter type="METHOD" missed="1" covered="7"/>
				<counter type="CLASS" missed="0" covered="1"/>
			</class>
			<class name="org/jacoco/core/runtime/AgentOptions$OutputMode" sourcefilename="AgentOptions.java">
				<method name="&lt;clinit&gt;" desc="()V" line="124">
					<counter type="INSTRUCTION" missed="0" covered="44"/>
					<counter type="LINE" missed="0" covered="9"/>
					<counter type="COMPLEXITY" missed="0" covered="1"/>
					<counter type="METHOD" missed="0" covered="1"/>
				</method>
				<counter type="INSTRUCTION" missed="0" covered="44"/>
				<counter type="LINE" missed="0" covered="9"/>
				<counter type="COMPLEXITY" missed="0" covered="1"/>
				<counter type="METHOD" missed="0" covered="1"/>
				<counter type="CLASS" missed="0" covered="1"/>
			</class>
			<class name="org/jacoco/core/runtime/LoggerRuntime" sourcefilename="LoggerRuntime.java">
				<method name="&lt;init&gt;" desc="()V" line="49">
					<counter type="INSTRUCTION" missed="0" covered="19"/>
					<counter type="LINE" missed="0" covered="5"/>
					<counter type="COMPLEXITY" missed="0" covered="1"/>
					<counter type="METHOD" missed="0" covered="1"/>
				</method>
				<method name="configureLogger" desc="()Ljava/util/logging/Logger;" line="56">
					<counter type="INSTRUCTION" missed="0" covered="11"/>
					<counter type="LINE" missed="0" covered="4"/>
					<counter type="COMPLEXITY" missed="0" covered="1"/>
					<counter type="METHOD" missed="0" covered="1"/>
				</method>
				<method name="generateDataAccessor" desc="(JLjava/lang/String;ILorg/objectweb/asm/MethodVisitor;)I" line="80">
					<counter type="INSTRUCTION" missed="0" covered="56"/>
					<counter type="LINE" missed="0" covered="20"/>
					<counter type="COMPLEXITY" missed="0" covered="1"/>
					<counter type="METHOD" missed="0" covered="1"/>
				</method>
				<method name="startup" desc="(Lorg/jacoco/core/runtime/RuntimeData;)V" line="157">
					<counter type="INSTRUCTION" missed="0" covered="9"/>
					<counter type="LINE" missed="0" covered="3"/>
					<counter type="COMPLEXITY" missed="0" covered="1"/>
					<counter type="METHOD" missed="0" covered="1"/>
				</method>
				<method name="shutdown" desc="()V" line="162">
					<counter type="INSTRUCTION" missed="0" covered="6"/>
					<counter type="LINE" missed="0" covered="2"/>
					<counter type="COMPLEXITY" missed="0" covered="1"/>
					<counter type="METHOD" missed="0" covered="1"/>
				</method>
				<counter type="INSTRUCTION" missed="0" covered="101"/>
				<counter type="LINE" missed="0" covered="34"/>
				<counter type="COMPLEXITY" missed="0" covered="5"/>
				<counter type="METHOD" missed="0" covered="5"/>
				<counter type="CLASS" missed="0" covered="1"/>
			</class>
			<class name="org/jacoco/core/runtime/RemoteControlWriter" sourcefilename="RemoteControlWriter.java">
				<method name="&lt;init&gt;" desc="(Ljava/io/OutputStream;)V" line="41">
					<counter type="INSTRUCTION" missed="0" covered="4"/>
					<counter type="LINE" missed="0" covered="2"/>
					<counter type="COMPLEXITY" missed="0" covered="1"/>
					<counter type="METHOD" missed="0" covered="1"/>
				</method>
				<method name="sendCmdOk" desc="()V" line="52">
					<counter type="INSTRUCTION" missed="0" covered="5"/>
					<counter type="LINE" missed="0" covered="2"/>
					<counter type="COMPLEXITY" missed="0" covered="1"/>
					<counter type="METHOD" missed="0" covered="1"/>
				</method>
				<method name="visitDumpCommand" desc="(ZZ)V" line="57">
					<counter type="INSTRUCTION" missed="0" covered="13"/>
					<counter type="LINE" missed="0" covered="4"/>
					<counter type="COMPLEXITY" missed="0" covered="1"/>
					<counter type="METHOD" missed="0" covered="1"/>
				</method>
				<counter type="INSTRUCTION" missed="0" covered="22"/>
				<counter type="LINE" missed="0" covered="8"/>
				<counter type="COMPLEXITY" missed="0" covered="3"/>
				<counter type="METHOD" missed="0" covered="3"/>
				<counter type="CLASS" missed="0" covered="1"/>
			</class>
			<class name="org/jacoco/core/runtime/AgentOptions" sourcefilename="AgentOptions.java">
				<method name="&lt;clinit&gt;" desc="()V" line="118">
					<counter type="INSTRUCTION" missed="0" covered="66"/>
					<counter type="LINE" missed="0" covered="7"/>
					<counter type="COMPLEXITY" missed="0" covered="1"/>
					<counter type="METHOD" missed="0" covered="1"/>
				</method>
				<method name="&lt;init&gt;" desc="()V" line="202">
					<counter type="INSTRUCTION" missed="0" covered="8"/>
					<counter type="LINE" missed="0" covered="3"/>
					<counter type="COMPLEXITY" missed="0" covered="1"/>
					<counter type="METHOD" missed="0" covered="1"/>
				</method>
				<method name="&lt;init&gt;" desc="(Ljava/lang/String;)V" line="213">
					<counter type="INSTRUCTION" missed="0" covered="78"/>
					<counter type="BRANCH" missed="0" covered="10"/>
					<counter type="LINE" missed="0" covered="15"/>
					<counter type="COMPLEXITY" missed="0" covered="6"/>
					<counter type="METHOD" missed="0" covered="1"/>
				</method>
				<method name="&lt;init&gt;" desc="(Ljava/util/Properties;)V" line="242">
					<counter type="INSTRUCTION" missed="0" covered="24"/>
					<counter type="BRANCH" missed="0" covered="4"/>
					<counter type="LINE" missed="0" covered="6"/>
					<counter type="COMPLEXITY" missed="0" covered="3"/>
					<counter type="METHOD" missed="0" covered="1"/>
				</method>
				<method name="validateAll" desc="()V" line="252">
					<counter type="INSTRUCTION" missed="0" covered="8"/>
					<counter type="LINE" missed="0" covered="3"/>
					<counter type="COMPLEXITY" missed="0" covered="1"/>
					<counter type="METHOD" missed="0" covered="1"/>
				</method>
				<method name="validatePort" desc="(I)V" line="257">
					<counter type="INSTRUCTION" missed="0" covered="8"/>
					<counter type="BRANCH" missed="0" covered="2"/>
					<counter type="LINE" missed="0" covered="3"/>
					<counter type="COMPLEXITY" missed="0" covered="2"/>
					<counter type="METHOD" missed="0" covered="1"/>
				</method>
				<method name="getDestfile" desc="()Ljava/lang/String;" line="268">
					<counter type="INSTRUCTION" missed="0" covered="5"/>
					<counter type="LINE" missed="0" covered="1"/>
					<counter type="COMPLEXITY" missed="0" covered="1"/>
					<counter type="METHOD" missed="0" covered="1"/>
				</method>
				<method name="setDestfile" desc="(Ljava/lang/String;)V" line="278">
					<counter type="INSTRUCTION" missed="0" covered="5"/>
					<counter type="LINE" missed="0" covered="2"/>
					<counter type="COMPLEXITY" missed="0" covered="1"/>
					<counter type="METHOD" missed="0" covered="1"/>
				</method>
				<method name="getAppend" desc="()Z" line="287">
					<counter type="INSTRUCTION" missed="0" covered="5"/>
					<counter type="LINE" missed="0" covered="1"/>
					<counter type="COMPLEXITY" missed="0" covered="1"/>
					<counter type="METHOD" missed="0" covered="1"/>
				</method>
				<method name="setAppend" desc="(Z)V" line="297">
					<counter type="INSTRUCTION" missed="0" covered="5"/>
					<counter type="LINE" missed="0" covered="2"/>
					<counter type="COMPLEXITY" missed="0" covered="1"/>
					<counter type="METHOD" missed="0" covered="1"/>
				</method>
				<method name="getIncludes" desc="()Ljava/lang/String;" line="307">
					<counter type="INSTRUCTION" missed="0" covered="5"/>
					<counter type="LINE" missed="0" covered="1"/>
					<counter type="COMPLEXITY" missed="0" covered="1"/>
					<counter type="METHOD" missed="0" covered="1"/>
				</method>
				<method name="setIncludes" desc="(Ljava/lang/String;)V" line="318">
					<counter type="INSTRUCTION" missed="0" covered="5"/>
					<counter type="LINE" missed="0" covered="2"/>
					<counter type="COMPLEXITY" missed="0" covered="1"/>
					<counter type="METHOD" missed="0" covered="1"/>
				</method>
				<method name="getExcludes" desc="()Ljava/lang/String;" line="328">
					<counter type="INSTRUCTION" missed="0" covered="5"/>
					<counter type="LINE" missed="0" covered="1"/>
					<counter type="COMPLEXITY" missed="0" covered="1"/>
					<counter type="METHOD" missed="0" covered="1"/>
				</method>
				<method name="setExcludes" desc="(Ljava/lang/String;)V" line="339">
					<counter type="INSTRUCTION" missed="0" covered="5"/>
					<counter type="LINE" missed="0" covered="2"/>
					<counter type="COMPLEXITY" missed="0" covered="1"/>
					<counter type="METHOD" missed="0" covered="1"/>
				</method>
				<method name="getExclClassloader" desc="()Ljava/lang/String;" line="349">
					<counter type="INSTRUCTION" missed="0" covered="5"/>
					<counter type="LINE" missed="0" covered="1"/>
					<counter type="COMPLEXITY" missed="0" covered="1"/>
					<counter type="METHOD" missed="0" covered="1"/>
				</method>
				<method name="setExclClassloader" desc="(Ljava/lang/String;)V" line="360">
					<counter type="INSTRUCTION" missed="0" covered="5"/>
					<counter type="LINE" missed="0" covered="2"/>
					<counter type="COMPLEXITY" missed="0" covered="1"/>
					<counter type="METHOD" missed="0" covered="1"/>
				</method>
				<method name="getInclBootstrapClasses" desc="()Z" line="371">
					<counter type="INSTRUCTION" missed="0" covered="5"/>
					<counter type="LINE" missed="0" covered="1"/>
					<counter type="COMPLEXITY" missed="0" covered="1"/>
					<counter type="METHOD" missed="0" covered="1"/>
				</method>
				<method name="setInclBootstrapClasses" desc="(Z)V" line="382">
					<counter type="INSTRUCTION" missed="0" covered="5"/>
					<counter type="LINE" missed="0" covered="2"/>
					<counter type="COMPLEXITY" missed="0" covered="1"/>
					<counter type="METHOD" missed="0" covered="1"/>
				</method>
				<method name="getInclNoLocationClasses" desc="()Z" line="392">
					<counter type="INSTRUCTION" missed="0" covered="5"/>
					<counter type="LINE" missed="0" covered="1"/>
					<counter type="COMPLEXITY" missed="0" covered="1"/>
					<counter type="METHOD" missed="0" covered="1"/>
				</method>
				<method name="setInclNoLocationClasses" desc="(Z)V" line="403">
					<counter type="INSTRUCTION" missed="0" covered="5"/>
					<counter type="LINE" missed="0" covered="2"/>
					<counter type="COMPLEXITY" missed="0" covered="1"/>
					<counter type="METHOD" missed="0" covered="1"/>
				</method>
				<method name="getSessionId" desc="()Ljava/lang/String;" line="412">
					<counter type="INSTRUCTION" missed="0" covered="5"/>
					<counter type="LINE" missed="0" covered="1"/>
					<counter type="COMPLEXITY" missed="0" covered="1"/>
					<counter type="METHOD" missed="0" covered="1"/>
				</method>
				<method name="setSessionId" desc="(Ljava/lang/String;)V" line="422">
					<counter type="INSTRUCTION" missed="0" covered="5"/>
					<counter type="LINE" missed="0" covered="2"/>
					<counter type="COMPLEXITY" missed="0" covered="1"/>
					<counter type="METHOD" missed="0" covered="1"/>
				</method>
				<method name="getDumpOnExit" desc="()Z" line="431">
					<counter type="INSTRUCTION" missed="0" covered="5"/>
					<counter type="LINE" missed="0" covered="1"/>
					<counter type="COMPLEXITY" missed="0" covered="1"/>
					<counter type="METHOD" missed="0" covered="1"/>
				</method>
				<method name="setDumpOnExit" desc="(Z)V" line="442">
					<counter type="INSTRUCTION" missed="0" covered="5"/>
					<counter type="LINE" missed="0" covered="2"/>
					<counter type="COMPLEXITY" missed="0" covered="1"/>
					<counter type="METHOD" missed="0" covered="1"/>
				</method>
				<method name="getPort" desc="()I" line="453">
					<counter type="INSTRUCTION" missed="0" covered="5"/>
					<counter type="LINE" missed="0" covered="1"/>
					<counter type="COMPLEXITY" missed="0" covered="1"/>
					<counter type="METHOD" missed="0" covered="1"/>
				</method>
				<method name="setPort" desc="(I)V" line="464">
					<counter type="INSTRUCTION" missed="0" covered="8"/>
					<counter type="LINE" missed="0" covered="3"/>
					<counter type="COMPLEXITY" missed="0" covered="1"/>
					<counter type="METHOD" missed="0" covered="1"/>
				</method>
				<method name="getAddress" desc="()Ljava/lang/String;" line="476">
					<counter type="INSTRUCTION" missed="0" covered="5"/>
					<counter type="LINE" missed="0" covered="1"/>
					<counter type="COMPLEXITY" missed="0" covered="1"/>
					<counter type="METHOD" missed="0" covered="1"/>
				</method>
				<method name="setAddress" desc="(Ljava/lang/String;)V" line="488">
					<counter type="INSTRUCTION" missed="0" covered="5"/>
					<counter type="LINE" missed="0" covered="2"/>
					<counter type="COMPLEXITY" missed="0" covered="1"/>
					<counter type="METHOD" missed="0" covered="1"/>
				</method>
				<method name="getOutput" desc="()Lorg/jacoco/core/runtime/AgentOptions$OutputMode;" line="497">
					<counter type="INSTRUCTION" missed="0" covered="13"/>
					<counter type="BRANCH" missed="0" covered="2"/>
					<counter type="LINE" missed="0" covered="2"/>
					<counter type="COMPLEXITY" missed="0" covered="2"/>
					<counter type="METHOD" missed="0" covered="1"/>
				</method>
				<method name="setOutput" desc="(Ljava/lang/String;)V" line="508">
					<counter type="INSTRUCTION" missed="0" covered="5"/>
					<counter type="LINE" missed="0" covered="2"/>
					<counter type="COMPLEXITY" missed="0" covered="1"/>
					<counter type="METHOD" missed="0" covered="1"/>
				</method>
				<method name="setOutput" desc="(Lorg/jacoco/core/runtime/AgentOptions$OutputMode;)V" line="518">
					<counter type="INSTRUCTION" missed="0" covered="6"/>
					<counter type="LINE" missed="0" covered="2"/>
					<counter type="COMPLEXITY" missed="0" covered="1"/>
					<counter type="METHOD" missed="0" covered="1"/>
				</method>
				<method name="getClassDumpDir" desc="()Ljava/lang/String;" line="528">
					<counter type="INSTRUCTION" missed="0" covered="5"/>
					<counter type="LINE" missed="0" covered="1"/>
					<counter type="COMPLEXITY" missed="0" covered="1"/>
					<counter type="METHOD" missed="0" covered="1"/>
				</method>
				<method name="setClassDumpDir" desc="(Ljava/lang/String;)V" line="538">
					<counter type="INSTRUCTION" missed="0" covered="5"/>
					<counter type="LINE" missed="0" covered="2"/>
					<counter type="COMPLEXITY" missed="0" covered="1"/>
					<counter type="METHOD" missed="0" covered="1"/>
				</method>
				<method name="getJmx" desc="()Z" line="547">
					<counter type="INSTRUCTION" missed="0" covered="5"/>
					<counter type="LINE" missed="0" covered="1"/>
					<counter type="COMPLEXITY" missed="0" covered="1"/>
					<counter type="METHOD" missed="0" covered="1"/>
				</method>
				<method name="setJmx" desc="(Z)V" line="557">
					<counter type="INSTRUCTION" missed="0" covered="5"/>
					<counter type="LINE" missed="0" covered="2"/>
					<counter type="COMPLEXITY" missed="0" covered="1"/>
					<counter type="METHOD" missed="0" covered="1"/>
				</method>
				<method name="setOption" desc="(Ljava/lang/String;I)V" line="561">
					<counter type="INSTRUCTION" missed="0" covered="6"/>
					<counter type="LINE" missed="0" covered="2"/>
					<counter type="COMPLEXITY" missed="0" covered="1"/>
					<counter type="METHOD" missed="0" covered="1"/>
				</method>
				<method name="setOption" desc="(Ljava/lang/String;Z)V" line="565">
					<counter type="INSTRUCTION" missed="0" covered="6"/>
					<counter type="LINE" missed="0" covered="2"/>
					<counter type="COMPLEXITY" missed="0" covered="1"/>
					<counter type="METHOD" missed="0" covered="1"/>
				</method>
				<method name="setOption" desc="(Ljava/lang/String;Ljava/lang/String;)V" line="569">
					<counter type="INSTRUCTION" missed="0" covered="7"/>
					<counter type="LINE" missed="0" covered="2"/>
					<counter type="COMPLEXITY" missed="0" covered="1"/>
					<counter type="METHOD" missed="0" covered="1"/>
				</method>
				<method name="getOption" desc="(Ljava/lang/String;Ljava/lang/String;)Ljava/lang/String;" line="573">
					<counter type="INSTRUCTION" missed="0" covered="12"/>
					<counter type="BRANCH" missed="0" covered="2"/>
					<counter type="LINE" missed="0" covered="2"/>
					<counter type="COMPLEXITY" missed="0" covered="2"/>
					<counter type="METHOD" missed="0" covered="1"/>
				</method>
				<method name="getOption" desc="(Ljava/lang/String;Z)Z" line="578">
					<counter type="INSTRUCTION" missed="0" covered="13"/>
					<counter type="BRANCH" missed="0" covered="2"/>
					<counter type="LINE" missed="0" covered="2"/>
					<counter type="COMPLEXITY" missed="0" covered="2"/>
					<counter type="METHOD" missed="0" covered="1"/>
				</method>
				<method name="getOption" desc="(Ljava/lang/String;I)I" line="583">
					<counter type="INSTRUCTION" missed="0" covered="13"/>
					<counter type="BRANCH" missed="0" covered="2"/>
					<counter type="LINE" missed="0" covered="2"/>
					<counter type="COMPLEXITY" missed="0" covered="2"/>
					<counter type="METHOD" missed="0" covered="1"/>
				</method>
				<method name="getVMArgument" desc="(Ljava/io/File;)Ljava/lang/String;" line="596">
					<counter type="INSTRUCTION" missed="0" covered="13"/>
					<counter type="LINE" missed="0" covered="1"/>
					<counter type="COMPLEXITY" missed="0" covered="1"/>
					<counter type="METHOD" missed="0" covered="1"/>
				</method>
				<method name="getQuotedVMArgument" desc="(Ljava/io/File;)Ljava/lang/String;" line="608">
					<counter type="INSTRUCTION" missed="0" covered="5"/>
					<counter type="LINE" missed="0" covered="1"/>
					<counter type="COMPLEXITY" missed="0" covered="1"/>
					<counter type="METHOD" missed="0" covered="1"/>
				</method>
				<method name="prependVMArguments" desc="(Ljava/lang/String;Ljava/io/File;)Ljava/lang/String;" line="625">
					<counter type="INSTRUCTION" missed="0" covered="36"/>
					<counter type="BRANCH" missed="0" covered="4"/>
					<counter type="LINE" missed="0" covered="7"/>
					<counter type="COMPLEXITY" missed="0" covered="3"/>
					<counter type="METHOD" missed="0" covered="1"/>
				</method>
				<method name="toString" desc="()Ljava/lang/String;" line="642">
					<counter type="INSTRUCTION" missed="0" covered="41"/>
					<counter type="BRANCH" missed="0" covered="6"/>
					<counter type="LINE" missed="0" covered="8"/>
					<counter type="COMPLEXITY" missed="0" covered="4"/>
					<counter type="METHOD" missed="0" covered="1"/>
				</method>
				<counter type="INSTRUCTION" missed="0" covered="501"/>
				<counter type="BRANCH" missed="0" covered="34"/>
				<counter type="LINE" missed="0" covered="112"/>
				<counter type="COMPLEXITY" missed="0" covered="62"/>
				<counter type="METHOD" missed="0" covered="45"/>
				<counter type="CLASS" missed="0" covered="1"/>
			</class>
			<class name="org/jacoco/core/runtime/ModifiedSystemClassRuntime$2" sourcefilename="ModifiedSystemClassRuntime.java">
				<method name="&lt;init&gt;" desc="(ILorg/objectweb/asm/ClassVisitor;Ljava/lang/String;)V" line="160">
					<counter type="INSTRUCTION" missed="0" covered="8"/>
					<counter type="LINE" missed="0" covered="1"/>
					<counter type="COMPLEXITY" missed="0" covered="1"/>
					<counter type="METHOD" missed="0" covered="1"/>
				</method>
				<method name="visitEnd" desc="()V" line="164">
					<counter type="INSTRUCTION" missed="0" covered="8"/>
					<counter type="LINE" missed="0" covered="3"/>
					<counter type="COMPLEXITY" missed="0" covered="1"/>
					<counter type="METHOD" missed="0" covered="1"/>
				</method>
				<counter type="INSTRUCTION" missed="0" covered="16"/>
				<counter type="LINE" missed="0" covered="4"/>
				<counter type="COMPLEXITY" missed="0" covered="2"/>
				<counter type="METHOD" missed="0" covered="2"/>
				<counter type="CLASS" missed="0" covered="1"/>
			</class>
			<class name="org/jacoco/core/runtime/ModifiedSystemClassRuntime$1" sourcefilename="ModifiedSystemClassRuntime.java">
				<method name="&lt;init&gt;" desc="(Ljava/lang/String;Ljava/lang/String;)V" line="123">
					<counter type="INSTRUCTION" missed="0" covered="9"/>
					<counter type="LINE" missed="0" covered="1"/>
					<counter type="COMPLEXITY" missed="0" covered="1"/>
					<counter type="METHOD" missed="0" covered="1"/>
				</method>
				<method name="transform" desc="(Ljava/lang/ClassLoader;Ljava/lang/String;Ljava/lang/Class;Ljava/security/ProtectionDomain;[B)[B" line="128">
					<counter type="INSTRUCTION" missed="0" covered="12"/>
					<counter type="BRANCH" missed="0" covered="2"/>
					<counter type="LINE" missed="0" covered="3"/>
					<counter type="COMPLEXITY" missed="0" covered="2"/>
					<counter type="METHOD" missed="0" covered="1"/>
				</method>
				<counter type="INSTRUCTION" missed="0" covered="21"/>
				<counter type="BRANCH" missed="0" covered="2"/>
				<counter type="LINE" missed="0" covered="4"/>
				<counter type="COMPLEXITY" missed="0" covered="3"/>
				<counter type="METHOD" missed="0" covered="2"/>
				<counter type="CLASS" missed="0" covered="1"/>
			</class>
			<class name="org/jacoco/core/runtime/InjectedClassRuntime$Lookup" sourcefilename="InjectedClassRuntime.java">
				<method name="&lt;init&gt;" desc="(Ljava/lang/Object;)V" line="93">
					<counter type="INSTRUCTION" missed="0" covered="6"/>
					<counter type="LINE" missed="0" covered="3"/>
					<counter type="COMPLEXITY" missed="0" covered="1"/>
					<counter type="METHOD" missed="0" covered="1"/>
				</method>
				<method name="lookup" desc="()Lorg/jacoco/core/runtime/InjectedClassRuntime$Lookup;" line="101">
					<counter type="INSTRUCTION" missed="0" covered="14"/>
					<counter type="LINE" missed="0" covered="4"/>
					<counter type="COMPLEXITY" missed="0" covered="1"/>
					<counter type="METHOD" missed="0" covered="1"/>
				</method>
				<method name="privateLookupIn" desc="(Ljava/lang/Class;Lorg/jacoco/core/runtime/InjectedClassRuntime$Lookup;)Lorg/jacoco/core/runtime/InjectedClassRuntime$Lookup;" line="118">
					<counter type="INSTRUCTION" missed="0" covered="32"/>
					<counter type="LINE" missed="0" covered="6"/>
					<counter type="COMPLEXITY" missed="0" covered="1"/>
					<counter type="METHOD" missed="0" covered="1"/>
				</method>
				<method name="defineClass" desc="([B)Ljava/lang/Class;" line="134">
					<counter type="INSTRUCTION" missed="0" covered="21"/>
					<counter type="LINE" missed="0" covered="4"/>
					<counter type="COMPLEXITY" missed="0" covered="1"/>
					<counter type="METHOD" missed="0" covered="1"/>
				</method>
				<counter type="INSTRUCTION" missed="0" covered="73"/>
				<counter type="LINE" missed="0" covered="17"/>
				<counter type="COMPLEXITY" missed="0" covered="4"/>
				<counter type="METHOD" missed="0" covered="4"/>
				<counter type="CLASS" missed="0" covered="1"/>
			</class>
			<class name="org/jacoco/core/runtime/LoggerRuntime$RuntimeHandler" sourcefilename="LoggerRuntime.java">
				<method name="&lt;init&gt;" desc="(Lorg/jacoco/core/runtime/LoggerRuntime;)V" line="165">
					<counter type="INSTRUCTION" missed="0" covered="6"/>
					<counter type="LINE" missed="0" covered="1"/>
					<counter type="COMPLEXITY" missed="0" covered="1"/>
					<counter type="METHOD" missed="0" covered="1"/>
				</method>
				<method name="publish" desc="(Ljava/util/logging/LogRecord;)V" line="169">
					<counter type="INSTRUCTION" missed="0" covered="14"/>
					<counter type="BRANCH" missed="1" covered="1"/>
					<counter type="LINE" missed="0" covered="3"/>
					<counter type="COMPLEXITY" missed="1" covered="1"/>
					<counter type="METHOD" missed="0" covered="1"/>
				</method>
				<method name="flush" desc="()V" line="177">
					<counter type="INSTRUCTION" missed="1" covered="0"/>
					<counter type="LINE" missed="1" covered="0"/>
					<counter type="COMPLEXITY" missed="1" covered="0"/>
					<counter type="METHOD" missed="1" covered="0"/>
				</method>
				<method name="close" desc="()V" line="187">
					<counter type="INSTRUCTION" missed="8" covered="0"/>
					<counter type="LINE" missed="2" covered="0"/>
					<counter type="COMPLEXITY" missed="1" covered="0"/>
					<counter type="METHOD" missed="1" covered="0"/>
				</method>
				<counter type="INSTRUCTION" missed="9" covered="20"/>
				<counter type="BRANCH" missed="1" covered="1"/>
				<counter type="LINE" missed="3" covered="4"/>
				<counter type="COMPLEXITY" missed="3" covered="2"/>
				<counter type="METHOD" missed="2" covered="2"/>
				<counter type="CLASS" missed="0" covered="1"/>
			</class>
			<class name="org/jacoco/core/runtime/CommandLineSupport" sourcefilename="CommandLineSupport.java">
				<method name="quote" desc="(Ljava/lang/String;)Ljava/lang/String;" line="35">
					<counter type="INSTRUCTION" missed="0" covered="55"/>
					<counter type="BRANCH" missed="0" covered="10"/>
					<counter type="LINE" missed="0" covered="8"/>
					<counter type="COMPLEXITY" missed="0" covered="6"/>
					<counter type="METHOD" missed="0" covered="1"/>
				</method>
				<method name="quote" desc="(Ljava/util/List;)Ljava/lang/String;" line="57">
					<counter type="INSTRUCTION" missed="0" covered="33"/>
					<counter type="BRANCH" missed="0" covered="4"/>
					<counter type="LINE" missed="0" covered="8"/>
					<counter type="COMPLEXITY" missed="0" covered="3"/>
					<counter type="METHOD" missed="0" covered="1"/>
				</method>
				<method name="split" desc="(Ljava/lang/String;)Ljava/util/List;" line="78">
					<counter type="INSTRUCTION" missed="0" covered="116"/>
					<counter type="BRANCH" missed="1" covered="23"/>
					<counter type="LINE" missed="0" covered="35"/>
					<counter type="COMPLEXITY" missed="1" covered="13"/>
					<counter type="METHOD" missed="0" covered="1"/>
				</method>
				<method name="addArgument" desc="(Ljava/util/List;Ljava/lang/StringBuilder;)V" line="128">
					<counter type="INSTRUCTION" missed="0" covered="12"/>
					<counter type="BRANCH" missed="0" covered="2"/>
					<counter type="LINE" missed="0" covered="4"/>
					<counter type="COMPLEXITY" missed="0" covered="2"/>
					<counter type="METHOD" missed="0" covered="1"/>
				</method>
				<counter type="INSTRUCTION" missed="0" covered="216"/>
				<counter type="BRANCH" missed="1" covered="39"/>
				<counter type="LINE" missed="0" covered="55"/>
				<counter type="COMPLEXITY" missed="1" covered="24"/>
				<counter type="METHOD" missed="0" covered="4"/>
				<counter type="CLASS" missed="0" covered="1"/>
			</class>
			<class name="org/jacoco/core/runtime/IExecutionDataAccessorGenerator" sourcefilename="IExecutionDataAccessorGenerator.java"/>
			<class name="org/jacoco/core/runtime/RemoteControlReader" sourcefilename="RemoteControlReader.java">
				<method name="&lt;init&gt;" desc="(Ljava/io/InputStream;)V" line="36">
					<counter type="INSTRUCTION" missed="0" covered="4"/>
					<counter type="LINE" missed="0" covered="2"/>
					<counter type="COMPLEXITY" missed="0" covered="1"/>
					<counter type="METHOD" missed="0" covered="1"/>
				</method>
				<method name="readBlock" desc="(B)Z" line="41">
					<counter type="INSTRUCTION" missed="0" covered="12"/>
					<counter type="BRANCH" missed="0" covered="3"/>
					<counter type="LINE" missed="0" covered="5"/>
					<counter type="COMPLEXITY" missed="0" covered="3"/>
					<counter type="METHOD" missed="0" covered="1"/>
				</method>
				<method name="setRemoteCommandVisitor" desc="(Lorg/jacoco/core/runtime/IRemoteCommandVisitor;)V" line="59">
					<counter type="INSTRUCTION" missed="0" covered="4"/>
					<counter type="LINE" missed="0" covered="2"/>
					<counter type="COMPLEXITY" missed="0" covered="1"/>
					<counter type="METHOD" missed="0" covered="1"/>
				</method>
				<method name="readDumpCommand" desc="()V" line="63">
					<counter type="INSTRUCTION" missed="0" covered="22"/>
					<counter type="BRANCH" missed="0" covered="2"/>
					<counter type="LINE" missed="0" covered="6"/>
					<counter type="COMPLEXITY" missed="0" covered="2"/>
					<counter type="METHOD" missed="0" covered="1"/>
				</method>
				<counter type="INSTRUCTION" missed="0" covered="42"/>
				<counter type="BRANCH" missed="0" covered="5"/>
				<counter type="LINE" missed="0" covered="15"/>
				<counter type="COMPLEXITY" missed="0" covered="7"/>
				<counter type="METHOD" missed="0" covered="4"/>
				<counter type="CLASS" missed="0" covered="1"/>
			</class>
			<class name="org/jacoco/core/runtime/WildcardMatcher" sourcefilename="WildcardMatcher.java">
				<method name="&lt;init&gt;" desc="(Ljava/lang/String;)V" line="33">
					<counter type="INSTRUCTION" missed="0" covered="55"/>
					<counter type="BRANCH" missed="0" covered="4"/>
					<counter type="LINE" missed="0" covered="11"/>
					<counter type="COMPLEXITY" missed="0" covered="3"/>
					<counter type="METHOD" missed="0" covered="1"/>
				</method>
				<method name="toRegex" desc="(Ljava/lang/String;)Ljava/lang/CharSequence;" line="48">
					<counter type="INSTRUCTION" missed="0" covered="45"/>
					<counter type="BRANCH" missed="0" covered="5"/>
					<counter type="LINE" missed="0" covered="9"/>
					<counter type="COMPLEXITY" missed="0" covered="4"/>
					<counter type="METHOD" missed="0" covered="1"/>
				</method>
				<method name="matches" desc="(Ljava/lang/String;)Z" line="73">
					<counter type="INSTRUCTION" missed="0" covered="6"/>
					<counter type="LINE" missed="0" covered="1"/>
					<counter type="COMPLEXITY" missed="0" covered="1"/>
					<counter type="METHOD" missed="0" covered="1"/>
				</method>
				<counter type="INSTRUCTION" missed="0" covered="106"/>
				<counter type="BRANCH" missed="0" covered="9"/>
				<counter type="LINE" missed="0" covered="21"/>
				<counter type="COMPLEXITY" missed="0" covered="8"/>
				<counter type="METHOD" missed="0" covered="3"/>
				<counter type="CLASS" missed="0" covered="1"/>
			</class>
			<class name="org/jacoco/core/runtime/AbstractRuntime" sourcefilename="AbstractRuntime.java">
				<method name="&lt;clinit&gt;" desc="()V" line="32">
					<counter type="INSTRUCTION" missed="0" covered="5"/>
					<counter type="LINE" missed="0" covered="1"/>
					<counter type="COMPLEXITY" missed="0" covered="1"/>
					<counter type="METHOD" missed="0" covered="1"/>
				</method>
				<method name="&lt;init&gt;" desc="()V" line="20">
					<counter type="INSTRUCTION" missed="0" covered="3"/>
					<counter type="LINE" missed="0" covered="1"/>
					<counter type="COMPLEXITY" missed="0" covered="1"/>
					<counter type="METHOD" missed="0" covered="1"/>
				</method>
				<method name="startup" desc="(Lorg/jacoco/core/runtime/RuntimeData;)V" line="29">
					<counter type="INSTRUCTION" missed="0" covered="4"/>
					<counter type="LINE" missed="0" covered="2"/>
					<counter type="COMPLEXITY" missed="0" covered="1"/>
					<counter type="METHOD" missed="0" covered="1"/>
				</method>
				<method name="createRandomId" desc="()Ljava/lang/String;" line="40">
					<counter type="INSTRUCTION" missed="4" covered="0"/>
					<counter type="LINE" missed="1" covered="0"/>
					<counter type="COMPLEXITY" missed="1" covered="0"/>
					<counter type="METHOD" missed="1" covered="0"/>
				</method>
				<counter type="INSTRUCTION" missed="4" covered="12"/>
				<counter type="LINE" missed="1" covered="4"/>
				<counter type="COMPLEXITY" missed="1" covered="3"/>
				<counter type="METHOD" missed="1" covered="3"/>
				<counter type="CLASS" missed="0" covered="1"/>
			</class>
			<class name="org/jacoco/core/runtime/RuntimeData" sourcefilename="RuntimeData.java">
				<method name="&lt;init&gt;" desc="()V" line="40">
					<counter type="INSTRUCTION" missed="0" covered="14"/>
					<counter type="LINE" missed="0" covered="5"/>
					<counter type="COMPLEXITY" missed="0" covered="1"/>
					<counter type="METHOD" missed="0" covered="1"/>
				</method>
				<method name="setSessionId" desc="(Ljava/lang/String;)V" line="57">
					<counter type="INSTRUCTION" missed="0" covered="4"/>
					<counter type="LINE" missed="0" covered="2"/>
					<counter type="COMPLEXITY" missed="0" covered="1"/>
					<counter type="METHOD" missed="0" covered="1"/>
				</method>
				<method name="getSessionId" desc="()Ljava/lang/String;" line="67">
					<counter type="INSTRUCTION" missed="0" covered="3"/>
					<counter type="LINE" missed="0" covered="1"/>
					<counter type="COMPLEXITY" missed="0" covered="1"/>
					<counter type="METHOD" missed="0" covered="1"/>
				</method>
				<method name="collect" desc="(Lorg/jacoco/core/data/IExecutionDataVisitor;Lorg/jacoco/core/data/ISessionInfoVisitor;Z)V" line="84">
					<counter type="INSTRUCTION" missed="0" covered="29"/>
					<counter type="BRANCH" missed="0" covered="2"/>
					<counter type="LINE" missed="0" covered="8"/>
					<counter type="COMPLEXITY" missed="0" covered="2"/>
					<counter type="METHOD" missed="0" covered="1"/>
				</method>
				<method name="reset" desc="()V" line="99">
					<counter type="INSTRUCTION" missed="0" covered="15"/>
					<counter type="LINE" missed="0" covered="4"/>
					<counter type="COMPLEXITY" missed="0" covered="1"/>
					<counter type="METHOD" missed="0" covered="1"/>
				</method>
				<method name="getExecutionData" desc="(Ljava/lang/Long;Ljava/lang/String;I)Lorg/jacoco/core/data/ExecutionData;" line="120">
					<counter type="INSTRUCTION" missed="0" covered="14"/>
					<counter type="LINE" missed="0" covered="2"/>
					<counter type="COMPLEXITY" missed="0" covered="1"/>
					<counter type="METHOD" missed="0" covered="1"/>
				</method>
				<method name="getProbes" desc="([Ljava/lang/Object;)V" line="146">
					<counter type="INSTRUCTION" missed="0" covered="26"/>
					<counter type="LINE" missed="0" covered="5"/>
					<counter type="COMPLEXITY" missed="0" covered="1"/>
					<counter type="METHOD" missed="0" covered="1"/>
				</method>
				<method name="equals" desc="(Ljava/lang/Object;)Z" line="162">
					<counter type="INSTRUCTION" missed="0" covered="11"/>
					<counter type="BRANCH" missed="0" covered="2"/>
					<counter type="LINE" missed="0" covered="3"/>
					<counter type="COMPLEXITY" missed="0" covered="2"/>
					<counter type="METHOD" missed="0" covered="1"/>
				</method>
				<method name="generateArgumentArray" desc="(JLjava/lang/String;ILorg/objectweb/asm/MethodVisitor;)V" line="185">
					<counter type="INSTRUCTION" missed="0" covered="59"/>
					<counter type="LINE" missed="0" covered="19"/>
					<counter type="COMPLEXITY" missed="0" covered="1"/>
					<counter type="METHOD" missed="0" covered="1"/>
				</method>
				<method name="generateAccessCall" desc="(JLjava/lang/String;ILorg/objectweb/asm/MethodVisitor;)V" line="232">
					<counter type="INSTRUCTION" missed="0" covered="29"/>
					<counter type="LINE" missed="0" covered="9"/>
					<counter type="COMPLEXITY" missed="0" covered="1"/>
					<counter type="METHOD" missed="0" covered="1"/>
				</method>
				<counter type="INSTRUCTION" missed="0" covered="204"/>
				<counter type="BRANCH" missed="0" covered="4"/>
				<counter type="LINE" missed="0" covered="58"/>
				<counter type="COMPLEXITY" missed="0" covered="12"/>
				<counter type="METHOD" missed="0" covered="10"/>
				<counter type="CLASS" missed="0" covered="1"/>
			</class>
			<class name="org/jacoco/core/runtime/IRuntime" sourcefilename="IRuntime.java"/>
			<class name="org/jacoco/core/runtime/IRemoteCommandVisitor" sourcefilename="IRemoteCommandVisitor.java"/>
			<class name="org/jacoco/core/runtime/OfflineInstrumentationAccessGenerator" sourcefilename="OfflineInstrumentationAccessGenerator.java">
				<method name="&lt;init&gt;" desc="()V" line="35">
					<counter type="INSTRUCTION" missed="0" covered="14"/>
					<counter type="LINE" missed="0" covered="2"/>
					<counter type="COMPLEXITY" missed="0" covered="1"/>
					<counter type="METHOD" missed="0" covered="1"/>
				</method>
				<method name="&lt;init&gt;" desc="(Ljava/lang/String;)V" line="45">
					<counter type="INSTRUCTION" missed="0" covered="6"/>
					<counter type="LINE" missed="0" covered="3"/>
					<counter type="COMPLEXITY" missed="0" covered="1"/>
					<counter type="METHOD" missed="0" covered="1"/>
				</method>
				<method name="generateDataAccessor" desc="(JLjava/lang/String;ILorg/objectweb/asm/MethodVisitor;)I" line="51">
					<counter type="INSTRUCTION" missed="0" covered="20"/>
					<counter type="LINE" missed="0" covered="6"/>
					<counter type="COMPLEXITY" missed="0" covered="1"/>
					<counter type="METHOD" missed="0" covered="1"/>
				</method>
				<counter type="INSTRUCTION" missed="0" covered="40"/>
				<counter type="LINE" missed="0" covered="11"/>
				<counter type="COMPLEXITY" missed="0" covered="3"/>
				<counter type="METHOD" missed="0" covered="3"/>
				<counter type="CLASS" missed="0" covered="1"/>
			</class>
			<class name="org/jacoco/core/runtime/SystemPropertiesRuntime" sourcefilename="SystemPropertiesRuntime.java">
				<method name="&lt;init&gt;" desc="()V" line="38">
					<counter type="INSTRUCTION" missed="0" covered="14"/>
					<counter type="LINE" missed="0" covered="3"/>
					<counter type="COMPLEXITY" missed="0" covered="1"/>
					<counter type="METHOD" missed="0" covered="1"/>
				</method>
				<method name="generateDataAccessor" desc="(JLjava/lang/String;ILorg/objectweb/asm/MethodVisitor;)I" line="44">
					<counter type="INSTRUCTION" missed="0" covered="25"/>
					<counter type="LINE" missed="0" covered="7"/>
					<counter type="COMPLEXITY" missed="0" covered="1"/>
					<counter type="METHOD" missed="0" covered="1"/>
				</method>
				<method name="startup" desc="(Lorg/jacoco/core/runtime/RuntimeData;)V" line="68">
					<counter type="INSTRUCTION" missed="0" covered="10"/>
					<counter type="LINE" missed="0" covered="3"/>
					<counter type="COMPLEXITY" missed="0" covered="1"/>
					<counter type="METHOD" missed="0" covered="1"/>
				</method>
				<method name="shutdown" desc="()V" line="73">
					<counter type="INSTRUCTION" missed="0" covered="6"/>
					<counter type="LINE" missed="0" covered="2"/>
					<counter type="COMPLEXITY" missed="0" covered="1"/>
					<counter type="METHOD" missed="0" covered="1"/>
				</method>
				<counter type="INSTRUCTION" missed="0" covered="55"/>
				<counter type="LINE" missed="0" covered="15"/>
				<counter type="COMPLEXITY" missed="0" covered="4"/>
				<counter type="METHOD" missed="0" covered="4"/>
				<counter type="CLASS" missed="0" covered="1"/>
			</class>
			<class name="org/jacoco/core/runtime/InjectedClassRuntime" sourcefilename="InjectedClassRuntime.java">
				<method name="&lt;init&gt;" desc="(Ljava/lang/Class;Ljava/lang/String;)V" line="44">
					<counter type="INSTRUCTION" missed="0" covered="23"/>
					<counter type="LINE" missed="0" covered="5"/>
					<counter type="COMPLEXITY" missed="0" covered="1"/>
					<counter type="METHOD" missed="0" covered="1"/>
				</method>
				<method name="startup" desc="(Lorg/jacoco/core/runtime/RuntimeData;)V" line="53">
					<counter type="INSTRUCTION" missed="0" covered="17"/>
					<counter type="LINE" missed="0" covered="6"/>
					<counter type="COMPLEXITY" missed="0" covered="1"/>
					<counter type="METHOD" missed="0" covered="1"/>
				</method>
				<method name="shutdown" desc="()V" line="63">
					<counter type="INSTRUCTION" missed="0" covered="1"/>
					<counter type="LINE" missed="0" covered="1"/>
					<counter type="COMPLEXITY" missed="0" covered="1"/>
					<counter type="METHOD" missed="0" covered="1"/>
				</method>
				<method name="generateDataAccessor" desc="(JLjava/lang/String;ILorg/objectweb/asm/MethodVisitor;)I" line="67">
					<counter type="INSTRUCTION" missed="0" covered="14"/>
					<counter type="LINE" missed="0" covered="4"/>
					<counter type="COMPLEXITY" missed="0" covered="1"/>
					<counter type="METHOD" missed="0" covered="1"/>
				</method>
				<method name="createClass" desc="(Ljava/lang/String;)[B" line="76">
					<counter type="INSTRUCTION" missed="0" covered="29"/>
					<counter type="LINE" missed="0" covered="7"/>
					<counter type="COMPLEXITY" missed="0" covered="1"/>
					<counter type="METHOD" missed="0" covered="1"/>
				</method>
				<counter type="INSTRUCTION" missed="0" covered="84"/>
				<counter type="LINE" missed="0" covered="23"/>
				<counter type="COMPLEXITY" missed="0" covered="5"/>
				<counter type="METHOD" missed="0" covered="5"/>
				<counter type="CLASS" missed="0" covered="1"/>
			</class>
			<sourcefile name="SystemPropertiesRuntime.java">
				<line nr="38" mi="0" ci="2" mb="0" cb="0"/>
				<line nr="39" mi="0" ci="11" mb="0" cb="0"/>
				<line nr="40" mi="0" ci="1" mb="0" cb="0"/>
				<line nr="44" mi="0" ci="4" mb="0" cb="0"/>
				<line nr="45" mi="0" ci="3" mb="0" cb="0"/>
				<line nr="49" mi="0" ci="4" mb="0" cb="0"/>
				<line nr="54" mi="0" ci="5" mb="0" cb="0"/>
				<line nr="55" mi="0" ci="2" mb="0" cb="0"/>
				<line nr="59" mi="0" ci="5" mb="0" cb="0"/>
				<line nr="63" mi="0" ci="2" mb="0" cb="0"/>
				<line nr="68" mi="0" ci="3" mb="0" cb="0"/>
				<line nr="69" mi="0" ci="6" mb="0" cb="0"/>
				<line nr="70" mi="0" ci="1" mb="0" cb="0"/>
				<line nr="73" mi="0" ci="5" mb="0" cb="0"/>
				<line nr="74" mi="0" ci="1" mb="0" cb="0"/>
				<counter type="INSTRUCTION" missed="0" covered="55"/>
				<counter type="LINE" missed="0" covered="15"/>
				<counter type="COMPLEXITY" missed="0" covered="4"/>
				<counter type="METHOD" missed="0" covered="4"/>
				<counter type="CLASS" missed="0" covered="1"/>
			</sourcefile>
			<sourcefile name="LoggerRuntime.java">
				<line nr="49" mi="0" ci="2" mb="0" cb="0"/>
				<line nr="50" mi="0" ci="5" mb="0" cb="0"/>
				<line nr="51" mi="0" ci="4" mb="0" cb="0"/>
				<line nr="52" mi="0" ci="7" mb="0" cb="0"/>
				<line nr="53" mi="0" ci="1" mb="0" cb="0"/>
				<line nr="56" mi="0" ci="3" mb="0" cb="0"/>
				<line nr="57" mi="0" ci="3" mb="0" cb="0"/>
				<line nr="58" mi="0" ci="3" mb="0" cb="0"/>
				<line nr="59" mi="0" ci="2" mb="0" cb="0"/>
				<line nr="80" mi="0" ci="5" mb="0" cb="0"/>
				<line nr="84" mi="0" ci="3" mb="0" cb="0"/>
				<line nr="91" mi="0" ci="3" mb="0" cb="0"/>
				<line nr="92" mi="0" ci="4" mb="0" cb="0"/>
				<line nr="93" mi="0" ci="2" mb="0" cb="0"/>
				<line nr="94" mi="0" ci="1" mb="0" cb="0"/>
				<line nr="100" mi="0" ci="3" mb="0" cb="0"/>
				<line nr="106" mi="0" ci="5" mb="0" cb="0"/>
				<line nr="107" mi="0" ci="1" mb="0" cb="0"/>
				<line nr="114" mi="0" ci="3" mb="0" cb="0"/>
				<line nr="121" mi="0" ci="4" mb="0" cb="0"/>
				<line nr="129" mi="0" ci="3" mb="0" cb="0"/>
				<line nr="137" mi="0" ci="4" mb="0" cb="0"/>
				<line nr="138" mi="0" ci="1" mb="0" cb="0"/>
				<line nr="139" mi="0" ci="1" mb="0" cb="0"/>
				<line nr="140" mi="0" ci="1" mb="0" cb="0"/>
				<line nr="146" mi="0" ci="3" mb="0" cb="0"/>
				<line nr="147" mi="0" ci="3" mb="0" cb="0"/>
				<line nr="148" mi="0" ci="4" mb="0" cb="0"/>
				<line nr="152" mi="0" ci="2" mb="0" cb="0"/>
				<line nr="157" mi="0" ci="3" mb="0" cb="0"/>
				<line nr="158" mi="0" ci="5" mb="0" cb="0"/>
				<line nr="159" mi="0" ci="1" mb="0" cb="0"/>
				<line nr="162" mi="0" ci="5" mb="0" cb="0"/>
				<line nr="163" mi="0" ci="1" mb="0" cb="0"/>
				<line nr="165" mi="0" ci="6" mb="0" cb="0"/>
				<line nr="169" mi="0" ci="7" mb="1" cb="1"/>
				<line nr="170" mi="0" ci="6" mb="0" cb="0"/>
				<line nr="172" mi="0" ci="1" mb="0" cb="0"/>
				<line nr="177" mi="1" ci="0" mb="0" cb="0"/>
				<line nr="187" mi="7" ci="0" mb="0" cb="0"/>
				<line nr="188" mi="1" ci="0" mb="0" cb="0"/>
				<counter type="INSTRUCTION" missed="9" covered="121"/>
				<counter type="BRANCH" missed="1" covered="1"/>
				<counter type="LINE" missed="3" covered="38"/>
				<counter type="COMPLEXITY" missed="3" covered="7"/>
				<counter type="METHOD" missed="2" covered="7"/>
				<counter type="CLASS" missed="0" covered="2"/>
			</sourcefile>
			<sourcefile name="RuntimeData.java">
				<line nr="40" mi="0" ci="2" mb="0" cb="0"/>
				<line nr="41" mi="0" ci="5" mb="0" cb="0"/>
				<line nr="42" mi="0" ci="3" mb="0" cb="0"/>
				<line nr="43" mi="0" ci="3" mb="0" cb="0"/>
				<line nr="44" mi="0" ci="1" mb="0" cb="0"/>
				<line nr="57" mi="0" ci="3" mb="0" cb="0"/>
				<line nr="58" mi="0" ci="1" mb="0" cb="0"/>
				<line nr="67" mi="0" ci="3" mb="0" cb="0"/>
				<line nr="84" mi="0" ci="8" mb="0" cb="0"/>
				<line nr="85" mi="0" ci="8" mb="0" cb="0"/>
				<line nr="86" mi="0" ci="1" mb="0" cb="0"/>
				<line nr="87" mi="0" ci="3" mb="0" cb="0"/>
				<line nr="88" mi="0" ci="4" mb="0" cb="0"/>
				<line nr="89" mi="0" ci="2" mb="0" cb="2"/>
				<line nr="90" mi="0" ci="2" mb="0" cb="0"/>
				<line nr="93" mi="0" ci="1" mb="0" cb="0"/>
				<line nr="99" mi="0" ci="8" mb="0" cb="0"/>
				<line nr="100" mi="0" ci="3" mb="0" cb="0"/>
				<line nr="101" mi="0" ci="3" mb="0" cb="0"/>
				<line nr="103" mi="0" ci="1" mb="0" cb="0"/>
				<line nr="120" mi="0" ci="5" mb="0" cb="0"/>
				<line nr="121" mi="0" ci="9" mb="0" cb="0"/>
				<line nr="146" mi="0" ci="5" mb="0" cb="0"/>
				<line nr="147" mi="0" ci="5" mb="0" cb="0"/>
				<line nr="148" mi="0" ci="6" mb="0" cb="0"/>
				<line nr="149" mi="0" ci="9" mb="0" cb="0"/>
				<line nr="150" mi="0" ci="1" mb="0" cb="0"/>
				<line nr="162" mi="0" ci="3" mb="0" cb="2"/>
				<line nr="163" mi="0" ci="4" mb="0" cb="0"/>
				<line nr="165" mi="0" ci="4" mb="0" cb="0"/>
				<line nr="185" mi="0" ci="3" mb="0" cb="0"/>
				<line nr="186" mi="0" ci="4" mb="0" cb="0"/>
				<line nr="189" mi="0" ci="3" mb="0" cb="0"/>
				<line nr="190" mi="0" ci="3" mb="0" cb="0"/>
				<line nr="191" mi="0" ci="4" mb="0" cb="0"/>
				<line nr="192" mi="0" ci="5" mb="0" cb="0"/>
				<line nr="193" mi="0" ci="2" mb="0" cb="0"/>
				<line nr="194" mi="0" ci="3" mb="0" cb="0"/>
				<line nr="197" mi="0" ci="3" mb="0" cb="0"/>
				<line nr="198" mi="0" ci="3" mb="0" cb="0"/>
				<line nr="199" mi="0" ci="3" mb="0" cb="0"/>
				<line nr="200" mi="0" ci="3" mb="0" cb="0"/>
				<line nr="203" mi="0" ci="3" mb="0" cb="0"/>
				<line nr="204" mi="0" ci="3" mb="0" cb="0"/>
				<line nr="205" mi="0" ci="3" mb="0" cb="0"/>
				<line nr="206" mi="0" ci="5" mb="0" cb="0"/>
				<line nr="207" mi="0" ci="2" mb="0" cb="0"/>
				<line nr="208" mi="0" ci="3" mb="0" cb="0"/>
				<line nr="209" mi="0" ci="1" mb="0" cb="0"/>
				<line nr="232" mi="0" ci="5" mb="0" cb="0"/>
				<line nr="237" mi="0" ci="3" mb="0" cb="0"/>
				<line nr="243" mi="0" ci="5" mb="0" cb="0"/>
				<line nr="244" mi="0" ci="2" mb="0" cb="0"/>
				<line nr="245" mi="0" ci="3" mb="0" cb="0"/>
				<line nr="249" mi="0" ci="3" mb="0" cb="0"/>
				<line nr="250" mi="0" ci="3" mb="0" cb="0"/>
				<line nr="254" mi="0" ci="4" mb="0" cb="0"/>
				<line nr="255" mi="0" ci="1" mb="0" cb="0"/>
				<counter type="INSTRUCTION" missed="0" covered="204"/>
				<counter type="BRANCH" missed="0" covered="4"/>
				<counter type="LINE" missed="0" covered="58"/>
				<counter type="COMPLEXITY" missed="0" covered="12"/>
				<counter type="METHOD" missed="0" covered="10"/>
				<counter type="CLASS" missed="0" covered="1"/>
			</sourcefile>
			<sourcefile name="RemoteControlReader.java">
				<line nr="36" mi="0" ci="3" mb="0" cb="0"/>
				<line nr="37" mi="0" ci="1" mb="0" cb="0"/>
				<line nr="41" mi="0" ci="2" mb="0" cb="3"/>
				<line nr="43" mi="0" ci="2" mb="0" cb="0"/>
				<line nr="44" mi="0" ci="2" mb="0" cb="0"/>
				<line nr="46" mi="0" ci="2" mb="0" cb="0"/>
				<line nr="48" mi="0" ci="4" mb="0" cb="0"/>
				<line nr="59" mi="0" ci="3" mb="0" cb="0"/>
				<line nr="60" mi="0" ci="1" mb="0" cb="0"/>
				<line nr="63" mi="0" ci="3" mb="0" cb="2"/>
				<line nr="64" mi="0" ci="5" mb="0" cb="0"/>
				<line nr="66" mi="0" ci="4" mb="0" cb="0"/>
				<line nr="67" mi="0" ci="4" mb="0" cb="0"/>
				<line nr="68" mi="0" ci="5" mb="0" cb="0"/>
				<line nr="69" mi="0" ci="1" mb="0" cb="0"/>
				<counter type="INSTRUCTION" missed="0" covered="42"/>
				<counter type="BRANCH" missed="0" covered="5"/>
				<counter type="LINE" missed="0" covered="15"/>
				<counter type="COMPLEXITY" missed="0" covered="7"/>
				<counter type="METHOD" missed="0" covered="4"/>
				<counter type="CLASS" missed="0" covered="1"/>
			</sourcefile>
			<sourcefile name="OfflineInstrumentationAccessGenerator.java">
				<line nr="35" mi="0" ci="13" mb="0" cb="0"/>
				<line nr="36" mi="0" ci="1" mb="0" cb="0"/>
				<line nr="45" mi="0" ci="2" mb="0" cb="0"/>
				<line nr="46" mi="0" ci="3" mb="0" cb="0"/>
				<line nr="47" mi="0" ci="1" mb="0" cb="0"/>
				<line nr="51" mi="0" ci="4" mb="0" cb="0"/>
				<line nr="52" mi="0" ci="3" mb="0" cb="0"/>
				<line nr="53" mi="0" ci="3" mb="0" cb="0"/>
				<line nr="54" mi="0" ci="6" mb="0" cb="0"/>
				<line nr="55" mi="0" ci="2" mb="0" cb="0"/>
				<line nr="56" mi="0" ci="2" mb="0" cb="0"/>
				<counter type="INSTRUCTION" missed="0" covered="40"/>
				<counter type="LINE" missed="0" covered="11"/>
				<counter type="COMPLEXITY" missed="0" covered="3"/>
				<counter type="METHOD" missed="0" covered="3"/>
				<counter type="CLASS" missed="0" covered="1"/>
			</sourcefile>
			<sourcefile name="InjectedClassRuntime.java">
				<line nr="44" mi="0" ci="2" mb="0" cb="0"/>
				<line nr="46" mi="0" ci="3" mb="0" cb="0"/>
				<line nr="47" mi="0" ci="11" mb="0" cb="0"/>
				<line nr="48" mi="0" ci="6" mb="0" cb="0"/>
				<line nr="49" mi="0" ci="1" mb="0" cb="0"/>
				<line nr="53" mi="0" ci="3" mb="0" cb="0"/>
				<line nr="55" mi="0" ci="4" mb="0" cb="0"/>
				<line nr="56" mi="0" ci="4" mb="0" cb="0"/>
				<line nr="57" mi="0" ci="2" mb="0" cb="0"/>
				<line nr="58" mi="0" ci="3" mb="0" cb="0"/>
				<line nr="59" mi="0" ci="1" mb="0" cb="0"/>
				<line nr="63" mi="0" ci="1" mb="0" cb="0"/>
				<line nr="67" mi="0" ci="6" mb="0" cb="0"/>
				<line nr="68" mi="0" ci="1" mb="0" cb="0"/>
				<line nr="70" mi="0" ci="5" mb="0" cb="0"/>
				<line nr="72" mi="0" ci="2" mb="0" cb="0"/>
				<line nr="76" mi="0" ci="5" mb="0" cb="0"/>
				<line nr="77" mi="0" ci="4" mb="0" cb="0"/>
				<line nr="78" mi="0" ci="7" mb="0" cb="0"/>
				<line nr="79" mi="0" ci="5" mb="0" cb="0"/>
				<line nr="80" mi="0" ci="3" mb="0" cb="0"/>
				<line nr="81" mi="0" ci="2" mb="0" cb="0"/>
				<line nr="82" mi="0" ci="3" mb="0" cb="0"/>
				<line nr="93" mi="0" ci="2" mb="0" cb="0"/>
				<line nr="94" mi="0" ci="3" mb="0" cb="0"/>
				<line nr="95" mi="0" ci="1" mb="0" cb="0"/>
				<line nr="101" mi="0" ci="4" mb="0" cb="0"/>
				<line nr="102" mi="0" ci="2" mb="0" cb="0"/>
				<line nr="103" mi="0" ci="4" mb="0" cb="0"/>
				<line nr="104" mi="0" ci="4" mb="0" cb="0"/>
				<line nr="118" mi="0" ci="4" mb="0" cb="0"/>
				<line nr="119" mi="0" ci="2" mb="0" cb="0"/>
				<line nr="120" mi="0" ci="10" mb="0" cb="0"/>
				<line nr="121" mi="0" ci="2" mb="0" cb="0"/>
				<line nr="122" mi="0" ci="1" mb="0" cb="0"/>
				<line nr="123" mi="0" ci="13" mb="0" cb="0"/>
				<line nr="134" mi="0" ci="2" mb="0" cb="0"/>
				<line nr="135" mi="0" ci="2" mb="0" cb="0"/>
				<line nr="136" mi="0" ci="8" mb="0" cb="0"/>
				<line nr="137" mi="0" ci="9" mb="0" cb="0"/>
				<counter type="INSTRUCTION" missed="0" covered="157"/>
				<counter type="LINE" missed="0" covered="40"/>
				<counter type="COMPLEXITY" missed="0" covered="9"/>
				<counter type="METHOD" missed="0" covered="9"/>
				<counter type="CLASS" missed="0" covered="2"/>
			</sourcefile>
			<sourcefile name="IExecutionDataAccessorGenerator.java"/>
			<sourcefile name="CommandLineSupport.java">
				<line nr="35" mi="0" ci="4" mb="0" cb="0"/>
				<line nr="36" mi="0" ci="17" mb="0" cb="2"/>
				<line nr="37" mi="0" ci="6" mb="0" cb="4"/>
				<line nr="38" mi="0" ci="4" mb="0" cb="0"/>
				<line nr="40" mi="0" ci="4" mb="0" cb="0"/>
				<line nr="42" mi="0" ci="10" mb="0" cb="4"/>
				<line nr="43" mi="0" ci="7" mb="0" cb="0"/>
				<line nr="45" mi="0" ci="3" mb="0" cb="0"/>
				<line nr="57" mi="0" ci="4" mb="0" cb="0"/>
				<line nr="58" mi="0" ci="2" mb="0" cb="0"/>
				<line nr="59" mi="0" ci="11" mb="0" cb="2"/>
				<line nr="60" mi="0" ci="2" mb="0" cb="2"/>
				<line nr="61" mi="0" ci="4" mb="0" cb="0"/>
				<line nr="63" mi="0" ci="5" mb="0" cb="0"/>
				<line nr="64" mi="0" ci="2" mb="0" cb="0"/>
				<line nr="66" mi="0" ci="3" mb="0" cb="0"/>
				<line nr="78" mi="0" ci="5" mb="0" cb="4"/>
				<line nr="79" mi="0" ci="4" mb="0" cb="0"/>
				<line nr="81" mi="0" ci="4" mb="0" cb="0"/>
				<line nr="82" mi="0" ci="4" mb="0" cb="0"/>
				<line nr="83" mi="0" ci="2" mb="0" cb="0"/>
				<line nr="84" mi="0" ci="2" mb="0" cb="0"/>
				<line nr="85" mi="0" ci="17" mb="0" cb="2"/>
				<line nr="86" mi="0" ci="2" mb="1" cb="3"/>
				<line nr="88" mi="0" ci="3" mb="0" cb="2"/>
				<line nr="89" mi="0" ci="3" mb="0" cb="2"/>
				<line nr="90" mi="0" ci="2" mb="0" cb="0"/>
				<line nr="91" mi="0" ci="1" mb="0" cb="0"/>
				<line nr="92" mi="0" ci="4" mb="0" cb="0"/>
				<line nr="93" mi="0" ci="2" mb="0" cb="0"/>
				<line nr="95" mi="0" ci="2" mb="0" cb="0"/>
				<line nr="97" mi="0" ci="1" mb="0" cb="0"/>
				<line nr="99" mi="0" ci="3" mb="0" cb="2"/>
				<line nr="100" mi="0" ci="3" mb="0" cb="0"/>
				<line nr="101" mi="0" ci="2" mb="0" cb="0"/>
				<line nr="102" mi="0" ci="4" mb="0" cb="2"/>
				<line nr="103" mi="0" ci="4" mb="0" cb="0"/>
				<line nr="104" mi="0" ci="2" mb="0" cb="0"/>
				<line nr="105" mi="0" ci="1" mb="0" cb="0"/>
				<line nr="106" mi="0" ci="4" mb="0" cb="0"/>
				<line nr="108" mi="0" ci="1" mb="0" cb="0"/>
				<line nr="110" mi="0" ci="6" mb="0" cb="4"/>
				<line nr="111" mi="0" ci="7" mb="0" cb="0"/>
				<line nr="112" mi="0" ci="4" mb="0" cb="2"/>
				<line nr="113" mi="0" ci="3" mb="0" cb="0"/>
				<line nr="114" mi="0" ci="2" mb="0" cb="0"/>
				<line nr="115" mi="0" ci="1" mb="0" cb="0"/>
				<line nr="116" mi="0" ci="4" mb="0" cb="0"/>
				<line nr="118" mi="0" ci="2" mb="0" cb="0"/>
				<line nr="122" mi="0" ci="3" mb="0" cb="0"/>
				<line nr="123" mi="0" ci="2" mb="0" cb="0"/>
				<line nr="128" mi="0" ci="3" mb="0" cb="2"/>
				<line nr="129" mi="0" ci="5" mb="0" cb="0"/>
				<line nr="130" mi="0" ci="3" mb="0" cb="0"/>
				<line nr="132" mi="0" ci="1" mb="0" cb="0"/>
				<counter type="INSTRUCTION" missed="0" covered="216"/>
				<counter type="BRANCH" missed="1" covered="39"/>
				<counter type="LINE" missed="0" covered="55"/>
				<counter type="COMPLEXITY" missed="1" covered="24"/>
				<counter type="METHOD" missed="0" covered="4"/>
				<counter type="CLASS" missed="0" covered="1"/>
			</sourcefile>
			<sourcefile name="AbstractRuntime.java">
				<line nr="20" mi="0" ci="3" mb="0" cb="0"/>
				<line nr="29" mi="0" ci="3" mb="0" cb="0"/>
				<line nr="30" mi="0" ci="1" mb="0" cb="0"/>
				<line nr="32" mi="0" ci="5" mb="0" cb="0"/>
				<line nr="40" mi="4" ci="0" mb="0" cb="0"/>
				<counter type="INSTRUCTION" missed="4" covered="12"/>
				<counter type="LINE" missed="1" covered="4"/>
				<counter type="COMPLEXITY" missed="1" covered="3"/>
				<counter type="METHOD" missed="1" covered="3"/>
				<counter type="CLASS" missed="0" covered="1"/>
			</sourcefile>
			<sourcefile name="AgentOptions.java">
				<line nr="118" mi="0" ci="1" mb="0" cb="0"/>
				<line nr="119" mi="0" ci="2" mb="0" cb="0"/>
				<line nr="124" mi="0" ci="20" mb="0" cb="0"/>
				<line nr="126" mi="0" ci="5" mb="0" cb="0"/>
				<line nr="131" mi="0" ci="1" mb="0" cb="0"/>
				<line nr="133" mi="0" ci="5" mb="0" cb="0"/>
				<line nr="138" mi="0" ci="1" mb="0" cb="0"/>
				<line nr="140" mi="0" ci="5" mb="0" cb="0"/>
				<line nr="145" mi="0" ci="1" mb="0" cb="0"/>
				<line nr="147" mi="0" ci="5" mb="0" cb="0"/>
				<line nr="151" mi="0" ci="1" mb="0" cb="0"/>
				<line nr="164" mi="0" ci="2" mb="0" cb="0"/>
				<line nr="192" mi="0" ci="6" mb="0" cb="0"/>
				<line nr="193" mi="0" ci="20" mb="0" cb="0"/>
				<line nr="194" mi="0" ci="16" mb="0" cb="0"/>
				<line nr="195" mi="0" ci="19" mb="0" cb="0"/>
				<line nr="202" mi="0" ci="2" mb="0" cb="0"/>
				<line nr="203" mi="0" ci="5" mb="0" cb="0"/>
				<line nr="204" mi="0" ci="1" mb="0" cb="0"/>
				<line nr="213" mi="0" ci="2" mb="0" cb="0"/>
				<line nr="214" mi="0" ci="5" mb="0" cb="4"/>
				<line nr="215" mi="0" ci="18" mb="0" cb="2"/>
				<line nr="216" mi="0" ci="4" mb="0" cb="0"/>
				<line nr="217" mi="0" ci="3" mb="0" cb="2"/>
				<line nr="218" mi="0" ci="5" mb="0" cb="0"/>
				<line nr="219" mi="0" ci="7" mb="0" cb="0"/>
				<line nr="221" mi="0" ci="5" mb="0" cb="0"/>
				<line nr="222" mi="0" ci="4" mb="0" cb="2"/>
				<line nr="223" mi="0" ci="4" mb="0" cb="0"/>
				<line nr="224" mi="0" ci="8" mb="0" cb="0"/>
				<line nr="227" mi="0" ci="6" mb="0" cb="0"/>
				<line nr="228" mi="0" ci="4" mb="0" cb="0"/>
				<line nr="231" mi="0" ci="2" mb="0" cb="0"/>
				<line nr="233" mi="0" ci="1" mb="0" cb="0"/>
				<line nr="242" mi="0" ci="2" mb="0" cb="0"/>
				<line nr="243" mi="0" ci="11" mb="0" cb="2"/>
				<line nr="244" mi="0" ci="4" mb="0" cb="0"/>
				<line nr="245" mi="0" ci="2" mb="0" cb="2"/>
				<line nr="246" mi="0" ci="4" mb="0" cb="0"/>
				<line nr="249" mi="0" ci="1" mb="0" cb="0"/>
				<line nr="252" mi="0" ci="4" mb="0" cb="0"/>
				<line nr="253" mi="0" ci="3" mb="0" cb="0"/>
				<line nr="254" mi="0" ci="1" mb="0" cb="0"/>
				<line nr="257" mi="0" ci="2" mb="0" cb="2"/>
				<line nr="258" mi="0" ci="5" mb="0" cb="0"/>
				<line nr="260" mi="0" ci="1" mb="0" cb="0"/>
				<line nr="268" mi="0" ci="5" mb="0" cb="0"/>
				<line nr="278" mi="0" ci="4" mb="0" cb="0"/>
				<line nr="279" mi="0" ci="1" mb="0" cb="0"/>
				<line nr="287" mi="0" ci="5" mb="0" cb="0"/>
				<line nr="297" mi="0" ci="4" mb="0" cb="0"/>
				<line nr="298" mi="0" ci="1" mb="0" cb="0"/>
				<line nr="307" mi="0" ci="5" mb="0" cb="0"/>
				<line nr="318" mi="0" ci="4" mb="0" cb="0"/>
				<line nr="319" mi="0" ci="1" mb="0" cb="0"/>
				<line nr="328" mi="0" ci="5" mb="0" cb="0"/>
				<line nr="339" mi="0" ci="4" mb="0" cb="0"/>
				<line nr="340" mi="0" ci="1" mb="0" cb="0"/>
				<line nr="349" mi="0" ci="5" mb="0" cb="0"/>
				<line nr="360" mi="0" ci="4" mb="0" cb="0"/>
				<line nr="361" mi="0" ci="1" mb="0" cb="0"/>
				<line nr="371" mi="0" ci="5" mb="0" cb="0"/>
				<line nr="382" mi="0" ci="4" mb="0" cb="0"/>
				<line nr="383" mi="0" ci="1" mb="0" cb="0"/>
				<line nr="392" mi="0" ci="5" mb="0" cb="0"/>
				<line nr="403" mi="0" ci="4" mb="0" cb="0"/>
				<line nr="404" mi="0" ci="1" mb="0" cb="0"/>
				<line nr="412" mi="0" ci="5" mb="0" cb="0"/>
				<line nr="422" mi="0" ci="4" mb="0" cb="0"/>
				<line nr="423" mi="0" ci="1" mb="0" cb="0"/>
				<line nr="431" mi="0" ci="5" mb="0" cb="0"/>
				<line nr="442" mi="0" ci="4" mb="0" cb="0"/>
				<line nr="443" mi="0" ci="1" mb="0" cb="0"/>
				<line nr="453" mi="0" ci="5" mb="0" cb="0"/>
				<line nr="464" mi="0" ci="3" mb="0" cb="0"/>
				<line nr="465" mi="0" ci="4" mb="0" cb="0"/>
				<line nr="466" mi="0" ci="1" mb="0" cb="0"/>
				<line nr="476" mi="0" ci="5" mb="0" cb="0"/>
				<line nr="488" mi="0" ci="4" mb="0" cb="0"/>
				<line nr="489" mi="0" ci="1" mb="0" cb="0"/>
				<line nr="497" mi="0" ci="6" mb="0" cb="0"/>
				<line nr="498" mi="0" ci="7" mb="0" cb="2"/>
				<line nr="508" mi="0" ci="4" mb="0" cb="0"/>
				<line nr="509" mi="0" ci="1" mb="0" cb="0"/>
				<line nr="518" mi="0" ci="5" mb="0" cb="0"/>
				<line nr="519" mi="0" ci="1" mb="0" cb="0"/>
				<line nr="528" mi="0" ci="5" mb="0" cb="0"/>
				<line nr="538" mi="0" ci="4" mb="0" cb="0"/>
				<line nr="539" mi="0" ci="1" mb="0" cb="0"/>
				<line nr="547" mi="0" ci="5" mb="0" cb="0"/>
				<line nr="557" mi="0" ci="4" mb="0" cb="0"/>
				<line nr="558" mi="0" ci="1" mb="0" cb="0"/>
				<line nr="561" mi="0" ci="5" mb="0" cb="0"/>
				<line nr="562" mi="0" ci="1" mb="0" cb="0"/>
				<line nr="565" mi="0" ci="5" mb="0" cb="0"/>
				<line nr="566" mi="0" ci="1" mb="0" cb="0"/>
				<line nr="569" mi="0" ci="6" mb="0" cb="0"/>
				<line nr="570" mi="0" ci="1" mb="0" cb="0"/>
				<line nr="573" mi="0" ci="6" mb="0" cb="0"/>
				<line nr="574" mi="0" ci="6" mb="0" cb="2"/>
				<line nr="578" mi="0" ci="6" mb="0" cb="0"/>
				<line nr="579" mi="0" ci="7" mb="0" cb="2"/>
				<line nr="583" mi="0" ci="6" mb="0" cb="0"/>
				<line nr="584" mi="0" ci="7" mb="0" cb="2"/>
				<line nr="596" mi="0" ci="13" mb="0" cb="0"/>
				<line nr="608" mi="0" ci="5" mb="0" cb="0"/>
				<line nr="625" mi="0" ci="3" mb="0" cb="0"/>
				<line nr="626" mi="0" ci="9" mb="0" cb="0"/>
				<line nr="627" mi="0" ci="7" mb="0" cb="2"/>
				<line nr="628" mi="0" ci="6" mb="0" cb="2"/>
				<line nr="629" mi="0" ci="2" mb="0" cb="0"/>
				<line nr="632" mi="0" ci="6" mb="0" cb="0"/>
				<line nr="633" mi="0" ci="3" mb="0" cb="0"/>
				<line nr="642" mi="0" ci="4" mb="0" cb="0"/>
				<line nr="643" mi="0" ci="11" mb="0" cb="2"/>
				<line nr="644" mi="0" ci="6" mb="0" cb="0"/>
				<line nr="645" mi="0" ci="2" mb="0" cb="2"/>
				<line nr="646" mi="0" ci="3" mb="0" cb="2"/>
				<line nr="647" mi="0" ci="4" mb="0" cb="0"/>
				<line nr="649" mi="0" ci="8" mb="0" cb="0"/>
				<line nr="652" mi="0" ci="3" mb="0" cb="0"/>
				<counter type="INSTRUCTION" missed="0" covered="545"/>
				<counter type="BRANCH" missed="0" covered="34"/>
				<counter type="LINE" missed="0" covered="121"/>
				<counter type="COMPLEXITY" missed="0" covered="63"/>
				<counter type="METHOD" missed="0" covered="46"/>
				<counter type="CLASS" missed="0" covered="2"/>
			</sourcefile>
			<sourcefile name="RemoteControlWriter.java">
				<line nr="41" mi="0" ci="3" mb="0" cb="0"/>
				<line nr="42" mi="0" ci="1" mb="0" cb="0"/>
				<line nr="52" mi="0" ci="4" mb="0" cb="0"/>
				<line nr="53" mi="0" ci="1" mb="0" cb="0"/>
				<line nr="57" mi="0" ci="4" mb="0" cb="0"/>
				<line nr="58" mi="0" ci="4" mb="0" cb="0"/>
				<line nr="59" mi="0" ci="4" mb="0" cb="0"/>
				<line nr="60" mi="0" ci="1" mb="0" cb="0"/>
				<counter type="INSTRUCTION" missed="0" covered="22"/>
				<counter type="LINE" missed="0" covered="8"/>
				<counter type="COMPLEXITY" missed="0" covered="3"/>
				<counter type="METHOD" missed="0" covered="3"/>
				<counter type="CLASS" missed="0" covered="1"/>
			</sourcefile>
			<sourcefile name="ModifiedSystemClassRuntime.java">
				<line nr="57" mi="0" ci="2" mb="0" cb="0"/>
				<line nr="58" mi="0" ci="3" mb="0" cb="0"/>
				<line nr="59" mi="0" ci="7" mb="0" cb="0"/>
				<line nr="60" mi="0" ci="3" mb="0" cb="0"/>
				<line nr="61" mi="0" ci="1" mb="0" cb="0"/>
				<line nr="65" mi="0" ci="3" mb="0" cb="0"/>
				<line nr="66" mi="0" ci="6" mb="0" cb="0"/>
				<line nr="67" mi="0" ci="4" mb="0" cb="0"/>
				<line nr="68" mi="0" ci="1" mb="0" cb="0"/>
				<line nr="72" mi="0" ci="1" mb="0" cb="0"/>
				<line nr="77" mi="0" ci="7" mb="0" cb="0"/>
				<line nr="78" mi="0" ci="1" mb="0" cb="0"/>
				<line nr="80" mi="0" ci="5" mb="0" cb="0"/>
				<line nr="82" mi="0" ci="2" mb="0" cb="0"/>
				<line nr="101" mi="5" ci="0" mb="0" cb="0"/>
				<line nr="123" mi="0" ci="15" mb="0" cb="0"/>
				<line nr="128" mi="0" ci="5" mb="0" cb="2"/>
				<line nr="129" mi="0" ci="5" mb="0" cb="0"/>
				<line nr="131" mi="0" ci="2" mb="0" cb="0"/>
				<line nr="134" mi="0" ci="3" mb="0" cb="0"/>
				<line nr="135" mi="0" ci="6" mb="0" cb="0"/>
[...]
				<line nr="159" mi="0" ci="2" mb="0" cb="0"/>
				<line nr="161" mi="0" ci="4" mb="0" cb="0"/>
				<line nr="169" mi="0" ci="3" mb="0" cb="2"/>
				<line nr="170" mi="0" ci="4" mb="0" cb="0"/>
				<line nr="171" mi="0" ci="1" mb="0" cb="0"/>
				<line nr="174" mi="0" ci="6" mb="0" cb="0"/>
				<line nr="175" mi="0" ci="4" mb="0" cb="0"/>
				<line nr="176" mi="0" ci="2" mb="0" cb="0"/>
				<line nr="177" mi="0" ci="2" mb="0" cb="0"/>
				<line nr="178" mi="0" ci="2" mb="0" cb="0"/>
				<line nr="179" mi="0" ci="10" mb="0" cb="4"/>
				<line nr="180" mi="0" ci="5" mb="0" cb="0"/>
				<line nr="181" mi="0" ci="5" mb="0" cb="0"/>
				<line nr="182" mi="0" ci="12" mb="0" cb="4"/>
				<line nr="184" mi="0" ci="8" mb="0" cb="2"/>
				<line nr="185" mi="0" ci="5" mb="0" cb="2"/>
				<line nr="186" mi="0" ci="5" mb="0" cb="0"/>
				<line nr="187" mi="0" ci="1" mb="0" cb="0"/>
				<line nr="189" mi="0" ci="5" mb="0" cb="0"/>
				<line nr="190" mi="0" ci="5" mb="0" cb="4"/>
				<line nr="191" mi="0" ci="5" mb="0" cb="0"/>
				<line nr="193" mi="0" ci="4" mb="0" cb="2"/>
				<line nr="194" mi="0" ci="8" mb="0" cb="0"/>
				<line nr="197" mi="0" ci="8" mb="0" cb="0"/>
				<line nr="198" mi="0" ci="1" mb="0" cb="0"/>
				<counter type="INSTRUCTION" missed="0" covered="306"/>
				<counter type="BRANCH" missed="0" covered="30"/>
				<counter type="LINE" missed="0" covered="63"/>
				<counter type="COMPLEXITY" missed="0" covered="25"/>
				<counter type="METHOD" missed="0" covered="10"/>
				<counter type="CLASS" missed="0" covered="1"/>
			</sourcefile>
			<sourcefile name="ProbeCounter.java">
				<line nr="27" mi="0" ci="2" mb="0" cb="0"/>
				<line nr="28" mi="0" ci="3" mb="0" cb="0"/>
				<line nr="29" mi="0" ci="3" mb="0" cb="0"/>
				<line nr="30" mi="0" ci="1" mb="0" cb="0"/>
				<line nr="36" mi="0" ci="4" mb="0" cb="2"/>
				<line nr="37" mi="0" ci="4" mb="0" cb="2"/>
				<line nr="38" mi="0" ci="3" mb="0" cb="0"/>
				<line nr="40" mi="0" ci="2" mb="0" cb="0"/>
				<line nr="45" mi="0" ci="3" mb="0" cb="0"/>
				<line nr="46" mi="0" ci="1" mb="0" cb="0"/>
				<line nr="49" mi="0" ci="3" mb="0" cb="0"/>
				<line nr="57" mi="0" ci="3" mb="0" cb="0"/>
				<counter type="INSTRUCTION" missed="0" covered="32"/>
				<counter type="BRANCH" missed="0" covered="4"/>
				<counter type="LINE" missed="0" covered="12"/>
				<counter type="COMPLEXITY" missed="0" covered="7"/>
				<counter type="METHOD" missed="0" covered="5"/>
				<counter type="CLASS" missed="0" covered="1"/>
			</sourcefile>
			<sourcefile name="InterfaceFieldProbeArrayStrategy.java">
				<line nr="31" mi="0" ci="5" mb="0" cb="0"/>
				<line nr="32" mi="0" ci="2" mb="0" cb="0"/>
				<line nr="37" mi="0" ci="4" mb="0" cb="0"/>
				<line nr="44" mi="0" ci="3" mb="0" cb="0"/>
				<line nr="46" mi="0" ci="2" mb="0" cb="0"/>
				<line nr="49" mi="0" ci="3" mb="0" cb="0"/>
				<line nr="50" mi="0" ci="3" mb="0" cb="0"/>
				<line nr="51" mi="0" ci="3" mb="0" cb="0"/>
				<line nr="52" mi="0" ci="3" mb="0" cb="0"/>
				<line nr="53" mi="0" ci="1" mb="0" cb="0"/>
				<line nr="57" mi="0" ci="2" mb="0" cb="2"/>
				<line nr="58" mi="0" ci="6" mb="0" cb="0"/>
				<line nr="59" mi="0" ci="5" mb="0" cb="0"/>
				<line nr="63" mi="0" ci="3" mb="0" cb="0"/>
				<line nr="68" mi="0" ci="5" mb="0" cb="0"/>
				<line nr="69" mi="0" ci="2" mb="0" cb="0"/>
				<line nr="73" mi="0" ci="4" mb="0" cb="0"/>
				<line nr="75" mi="0" ci="3" mb="0" cb="0"/>
				<line nr="76" mi="0" ci="4" mb="0" cb="0"/>
				<line nr="78" mi="0" ci="5" mb="0" cb="0"/>
				<line nr="79" mi="0" ci="2" mb="0" cb="0"/>
				<line nr="80" mi="0" ci="1" mb="0" cb="0"/>
				<line nr="81" mi="0" ci="4" mb="0" cb="0"/>
				<line nr="82" mi="0" ci="2" mb="0" cb="0"/>
				<line nr="87" mi="0" ci="3" mb="0" cb="0"/>
				<line nr="88" mi="0" ci="4" mb="0" cb="0"/>
				<line nr="89" mi="0" ci="3" mb="1" cb="1"/>
				<line nr="90" mi="0" ci="4" mb="0" cb="0"/>
				<line nr="92" mi="0" ci="1" mb="0" cb="0"/>
				<line nr="95" mi="0" ci="4" mb="0" cb="0"/>
				<line nr="96" mi="0" ci="3" mb="0" cb="0"/>
				<line nr="97" mi="0" ci="1" mb="0" cb="0"/>
				<line nr="98" mi="0" ci="1" mb="0" cb="0"/>
				<line nr="101" mi="0" ci="4" mb="0" cb="0"/>
				<line nr="102" mi="0" ci="2" mb="0" cb="0"/>
				<line nr="103" mi="0" ci="2" mb="0" cb="0"/>
				<line nr="104" mi="0" ci="2" mb="0" cb="0"/>
				<line nr="107" mi="0" ci="5" mb="0" cb="0"/>
				<line nr="108" mi="0" ci="2" mb="0" cb="0"/>
				<line nr="109" mi="0" ci="3" mb="0" cb="0"/>
				<line nr="115" mi="0" ci="4" mb="0" cb="0"/>
				<line nr="116" mi="0" ci="4" mb="0" cb="0"/>
				<line nr="120" mi="0" ci="3" mb="0" cb="0"/>
				<line nr="121" mi="0" ci="6" mb="0" cb="0"/>
				<line nr="122" mi="0" ci="4" mb="0" cb="0"/>
				<line nr="127" mi="0" ci="6" mb="0" cb="0"/>
				<line nr="128" mi="0" ci="1" mb="0" cb="0"/>
				<line nr="129" mi="0" ci="3" mb="0" cb="0"/>
				<line nr="130" mi="0" ci="3" mb="0" cb="0"/>
				<line nr="132" mi="0" ci="6" mb="0" cb="0"/>
				<line nr="133" mi="0" ci="2" mb="0" cb="0"/>
				<line nr="134" mi="0" ci="1" mb="0" cb="0"/>
				<line nr="138" mi="0" ci="4" mb="0" cb="0"/>
				<line nr="139" mi="0" ci="4" mb="0" cb="0"/>
				<line nr="140" mi="0" ci="2" mb="0" cb="0"/>
				<line nr="142" mi="0" ci="6" mb="0" cb="0"/>
				<line nr="143" mi="0" ci="4" mb="0" cb="0"/>
				<line nr="147" mi="0" ci="5" mb="0" cb="0"/>
				<line nr="148" mi="0" ci="2" mb="0" cb="0"/>
				<line nr="150" mi="0" ci="3" mb="0" cb="0"/>
				<line nr="152" mi="0" ci="4" mb="0" cb="0"/>
				<line nr="153" mi="0" ci="2" mb="0" cb="0"/>
				<line nr="154" mi="0" ci="1" mb="0" cb="0"/>
				<counter type="INSTRUCTION" missed="0" covered="201"/>
				<counter type="BRANCH" missed="1" covered="3"/>
				<counter type="LINE" missed="0" covered="63"/>
				<counter type="COMPLEXITY" missed="1" covered="8"/>
				<counter type="METHOD" missed="0" covered="7"/>
				<counter type="CLASS" missed="0" covered="1"/>
			</sourcefile>
			<sourcefile name="MethodInstrumenter.java">
				<line nr="40" mi="0" ci="3" mb="0" cb="0"/>
				<line nr="41" mi="0" ci="3" mb="0" cb="0"/>
				<line nr="42" mi="0" ci="1" mb="0" cb="0"/>
				<line nr="48" mi="0" ci="4" mb="0" cb="0"/>
				<line nr="49" mi="0" ci="1" mb="0" cb="0"/>
				<line nr="53" mi="0" ci="4" mb="0" cb="0"/>
				<line nr="54" mi="0" ci="4" mb="0" cb="0"/>
				<line nr="55" mi="0" ci="1" mb="0" cb="0"/>
				<line nr="60" mi="0" ci="3" mb="0" cb="2"/>
				<line nr="61" mi="0" ci="4" mb="0" cb="0"/>
				<line nr="62" mi="0" ci="5" mb="0" cb="0"/>
				<line nr="63" mi="0" ci="1" mb="0" cb="0"/>
				<line nr="64" mi="0" ci="4" mb="0" cb="0"/>
				<line nr="65" mi="0" ci="7" mb="0" cb="0"/>
				<line nr="66" mi="0" ci="4" mb="0" cb="0"/>
				<line nr="67" mi="0" ci="5" mb="0" cb="0"/>
				<line nr="68" mi="0" ci="4" mb="0" cb="0"/>
				<line nr="69" mi="0" ci="4" mb="0" cb="0"/>
				<line nr="71" mi="0" ci="1" mb="0" cb="0"/>
				<line nr="74" mi="0" ci="2" mb="0" cb="17"/>
				<line nr="76" mi="0" ci="2" mb="0" cb="0"/>
				<line nr="78" mi="0" ci="2" mb="0" cb="0"/>
				<line nr="80" mi="0" ci="2" mb="0" cb="0"/>
				<line nr="82" mi="0" ci="2" mb="0" cb="0"/>
				<line nr="84" mi="0" ci="2" mb="0" cb="0"/>
				<line nr="86" mi="0" ci="2" mb="0" cb="0"/>
				<line nr="88" mi="0" ci="2" mb="0" cb="0"/>
				<line nr="90" mi="0" ci="2" mb="0" cb="0"/>
				<line nr="92" mi="0" ci="2" mb="0" cb="0"/>
				<line nr="94" mi="0" ci="2" mb="0" cb="0"/>
				<line nr="96" mi="0" ci="2" mb="0" cb="0"/>
				<line nr="98" mi="0" ci="2" mb="0" cb="0"/>
				<line nr="100" mi="0" ci="2" mb="0" cb="0"/>
				<line nr="102" mi="0" ci="2" mb="0" cb="0"/>
				<line nr="104" mi="0" ci="2" mb="0" cb="0"/>
				<line nr="106" mi="0" ci="2" mb="0" cb="0"/>
				<line nr="108" mi="0" ci="4" mb="0" cb="0"/>
				<line nr="115" mi="0" ci="2" mb="0" cb="0"/>
				<line nr="116" mi="0" ci="2" mb="0" cb="0"/>
				<line nr="117" mi="0" ci="4" mb="0" cb="0"/>
				<line nr="118" mi="0" ci="4" mb="0" cb="0"/>
				<line nr="119" mi="0" ci="7" mb="0" cb="0"/>
				<line nr="122" mi="0" ci="5" mb="0" cb="0"/>
				<line nr="123" mi="0" ci="1" mb="0" cb="0"/>
				<line nr="129" mi="0" ci="2" mb="0" cb="0"/>
				<line nr="130" mi="0" ci="2" mb="0" cb="0"/>
				<line nr="131" mi="0" ci="4" mb="0" cb="0"/>
				<line nr="132" mi="0" ci="4" mb="0" cb="0"/>
				<line nr="133" mi="0" ci="6" mb="0" cb="0"/>
				<line nr="136" mi="0" ci="5" mb="0" cb="0"/>
				<line nr="137" mi="0" ci="1" mb="0" cb="0"/>
				<line nr="140" mi="0" ci="4" mb="0" cb="0"/>
				<line nr="141" mi="0" ci="8" mb="0" cb="2"/>
				<line nr="142" mi="0" ci="8" mb="0" cb="0"/>
				<line nr="144" mi="0" ci="2" mb="0" cb="0"/>
				<line nr="149" mi="0" ci="4" mb="0" cb="2"/>
				<line nr="150" mi="0" ci="2" mb="0" cb="0"/>
				<line nr="151" mi="0" ci="1" mb="0" cb="0"/>
				<line nr="152" mi="0" ci="3" mb="0" cb="2"/>
				<line nr="153" mi="0" ci="3" mb="0" cb="0"/>
				<line nr="154" mi="0" ci="1" mb="0" cb="0"/>
				<line nr="155" mi="0" ci="4" mb="0" cb="0"/>
				<line nr="156" mi="0" ci="3" mb="0" cb="0"/>
				<line nr="157" mi="0" ci="2" mb="0" cb="0"/>
				<line nr="160" mi="0" ci="2" mb="0" cb="0"/>
				<line nr="165" mi="0" ci="3" mb="0" cb="0"/>
				<line nr="166" mi="0" ci="6" mb="0" cb="4"/>
				<line nr="167" mi="0" ci="5" mb="0" cb="0"/>
				<line nr="168" mi="0" ci="4" mb="0" cb="0"/>
				<line nr="169" mi="0" ci="4" mb="0" cb="0"/>
				<line nr="170" mi="0" ci="5" mb="0" cb="0"/>
				<line nr="171" mi="0" ci="2" mb="0" cb="0"/>
				<line nr="173" mi="0" ci="1" mb="0" cb="0"/>
				<line nr="177" mi="0" ci="2" mb="0" cb="0"/>
				<line nr="178" mi="0" ci="2" mb="0" cb="0"/>
				<line nr="179" mi="0" ci="4" mb="0" cb="0"/>
				<line nr="180" mi="0" ci="16" mb="0" cb="2"/>
				<line nr="181" mi="0" ci="4" mb="0" cb="0"/>
				<line nr="183" mi="0" ci="1" mb="0" cb="0"/>
				<counter type="INSTRUCTION" missed="0" covered="256"/>
				<counter type="BRANCH" missed="0" covered="31"/>
				<counter type="LINE" missed="0" covered="79"/>
				<counter type="COMPLEXITY" missed="0" covered="34"/>
				<counter type="METHOD" missed="0" covered="11"/>
				<counter type="CLASS" missed="0" covered="1"/>
			</sourcefile>
			<counter type="INSTRUCTION" missed="0" covered="1590"/>
			<counter type="BRANCH" missed="1" covered="126"/>
			<counter type="LINE" missed="0" covered="440"/>
			<counter type="COMPLEXITY" missed="1" covered="156"/>
			<counter type="METHOD" missed="0" covered="86"/>
			<counter type="CLASS" missed="0" covered="13"/>
		</package>
		<package name="org/jacoco/core/internal/data">
			<class name="org/jacoco/core/internal/data/CRC64" sourcefilename="CRC64.java">
				<method name="&lt;clinit&gt;" desc="()V" line="33">
					<counter type="INSTRUCTION" missed="0" covered="42"/>
					<counter type="BRANCH" missed="0" covered="6"/>
					<counter type="LINE" missed="0" covered="10"/>
					<counter type="COMPLEXITY" missed="0" covered="4"/>
					<counter type="METHOD" missed="0" covered="1"/>
				</method>
				<method name="update" desc="(JB)J" line="57">
					<counter type="INSTRUCTION" missed="0" covered="15"/>
					<counter type="LINE" missed="0" covered="2"/>
					<counter type="COMPLEXITY" missed="0" covered="1"/>
					<counter type="METHOD" missed="0" covered="1"/>
				</method>
				<method name="update" desc="(J[BII)J" line="76">
					<counter type="INSTRUCTION" missed="0" covered="15"/>
					<counter type="BRANCH" missed="0" covered="2"/>
					<counter type="LINE" missed="0" covered="3"/>
					<counter type="COMPLEXITY" missed="0" covered="2"/>
					<counter type="METHOD" missed="0" covered="1"/>
				</method>
				<method name="classId" desc="([B)J" line="90">
					<counter type="INSTRUCTION" missed="0" covered="37"/>
					<counter type="BRANCH" missed="0" covered="6"/>
					<counter type="LINE" missed="0" covered="5"/>
					<counter type="COMPLEXITY" missed="0" covered="4"/>
					<counter type="METHOD" missed="0" covered="1"/>
				</method>
				<counter type="INSTRUCTION" missed="0" covered="109"/>
				<counter type="BRANCH" missed="0" covered="14"/>
				<counter type="LINE" missed="0" covered="20"/>
				<counter type="COMPLEXITY" missed="0" covered="11"/>
				<counter type="METHOD" missed="0" covered="4"/>
				<counter type="CLASS" missed="0" covered="1"/>
			</class>
			<class name="org/jacoco/core/internal/data/CompactDataInput" sourcefilename="CompactDataInput.java">
				<method name="&lt;init&gt;" desc="(Ljava/io/InputStream;)V" line="34">
					<counter type="INSTRUCTION" missed="0" covered="4"/>
					<counter type="LINE" missed="0" covered="2"/>
					<counter type="COMPLEXITY" missed="0" covered="1"/>
					<counter type="METHOD" missed="0" covered="1"/>
				</method>
				<method name="readVarInt" desc="()I" line="45">
					<counter type="INSTRUCTION" missed="0" covered="20"/>
					<counter type="BRANCH" missed="0" covered="2"/>
					<counter type="LINE" missed="0" covered="4"/>
					<counter type="COMPLEXITY" missed="0" covered="2"/>
					<counter type="METHOD" missed="0" covered="1"/>
				</method>
				<method name="readBooleanArray" desc="()[Z" line="60">
					<counter type="INSTRUCTION" missed="0" covered="37"/>
					<counter type="BRANCH" missed="0" covered="6"/>
					<counter type="LINE" missed="0" covered="8"/>
					<counter type="COMPLEXITY" missed="0" covered="4"/>
					<counter type="METHOD" missed="0" covered="1"/>
				</method>
				<counter type="INSTRUCTION" missed="0" covered="61"/>
				<counter type="BRANCH" missed="0" covered="8"/>
				<counter type="LINE" missed="0" covered="14"/>
				<counter type="COMPLEXITY" missed="0" covered="7"/>
				<counter type="METHOD" missed="0" covered="3"/>
				<counter type="CLASS" missed="0" covered="1"/>
			</class>
			<class name="org/jacoco/core/internal/data/CompactDataOutput" sourcefilename="CompactDataOutput.java">
				<method name="&lt;init&gt;" desc="(Ljava/io/OutputStream;)V" line="34">
					<counter type="INSTRUCTION" missed="0" covered="4"/>
					<counter type="LINE" missed="0" covered="2"/>
					<counter type="COMPLEXITY" missed="0" covered="1"/>
					<counter type="METHOD" missed="0" covered="1"/>
				</method>
				<method name="writeVarInt" desc="(I)V" line="48">
					<counter type="INSTRUCTION" missed="0" covered="21"/>
					<counter type="BRANCH" missed="0" covered="2"/>
					<counter type="LINE" missed="0" covered="6"/>
					<counter type="COMPLEXITY" missed="0" covered="2"/>
					<counter type="METHOD" missed="0" covered="1"/>
				</method>
				<method name="writeBooleanArray" desc="([Z)V" line="66">
					<counter type="INSTRUCTION" missed="0" covered="49"/>
					<counter type="BRANCH" missed="0" covered="8"/>
					<counter type="LINE" missed="0" covered="13"/>
					<counter type="COMPLEXITY" missed="0" covered="5"/>
					<counter type="METHOD" missed="0" covered="1"/>
				</method>
				<counter type="INSTRUCTION" missed="0" covered="74"/>
				<counter type="BRANCH" missed="0" covered="10"/>
				<counter type="LINE" missed="0" covered="21"/>
				<counter type="COMPLEXITY" missed="0" covered="8"/>
				<counter type="METHOD" missed="0" covered="3"/>
				<counter type="CLASS" missed="0" covered="1"/>
			</class>
			<sourcefile name="CRC64.java">
				<line nr="33" mi="0" ci="3" mb="0" cb="0"/>
				<line nr="34" mi="0" ci="7" mb="0" cb="2"/>
				<line nr="35" mi="0" ci="3" mb="0" cb="0"/>
				<line nr="36" mi="0" ci="7" mb="0" cb="2"/>
				<line nr="37" mi="0" ci="6" mb="0" cb="2"/>
				<line nr="38" mi="0" ci="6" mb="0" cb="0"/>
				<line nr="39" mi="0" ci="1" mb="0" cb="0"/>
				<line nr="40" mi="0" ci="4" mb="0" cb="0"/>
				<line nr="43" mi="0" ci="4" mb="0" cb="0"/>
				<line nr="45" mi="0" ci="1" mb="0" cb="0"/>
				<line nr="57" mi="0" ci="7" mb="0" cb="0"/>
				<line nr="58" mi="0" ci="8" mb="0" cb="0"/>
				<line nr="76" mi="0" ci="7" mb="0" cb="2"/>
				<line nr="77" mi="0" ci="6" mb="0" cb="0"/>
				<line nr="79" mi="0" ci="2" mb="0" cb="0"/>
				<line nr="90" mi="0" ci="13" mb="0" cb="6"/>
				<line nr="94" mi="0" ci="6" mb="0" cb="0"/>
				<line nr="95" mi="0" ci="4" mb="0" cb="0"/>
				<line nr="96" mi="0" ci="7" mb="0" cb="0"/>
				<line nr="98" mi="0" ci="7" mb="0" cb="0"/>
				<counter type="INSTRUCTION" missed="0" covered="109"/>
				<counter type="BRANCH" missed="0" covered="14"/>
				<counter type="LINE" missed="0" covered="20"/>
				<counter type="COMPLEXITY" missed="0" covered="11"/>
				<counter type="METHOD" missed="0" covered="4"/>
				<counter type="CLASS" missed="0" covered="1"/>
			</sourcefile>
			<sourcefile name="CompactDataOutput.java">
				<line nr="34" mi="0" ci="3" mb="0" cb="0"/>
				<line nr="35" mi="0" ci="1" mb="0" cb="0"/>
				<line nr="48" mi="0" ci="4" mb="0" cb="2"/>
				<line nr="49" mi="0" ci="3" mb="0" cb="0"/>
				<line nr="50" mi="0" ci="1" mb="0" cb="0"/>
				<line nr="51" mi="0" ci="7" mb="0" cb="0"/>
				<line nr="52" mi="0" ci="5" mb="0" cb="0"/>
				<line nr="54" mi="0" ci="1" mb="0" cb="0"/>
				<line nr="66" mi="0" ci="4" mb="0" cb="0"/>
				<line nr="67" mi="0" ci="2" mb="0" cb="0"/>
				<line nr="68" mi="0" ci="2" mb="0" cb="0"/>
				<line nr="69" mi="0" ci="16" mb="0" cb="2"/>
				<line nr="70" mi="0" ci="2" mb="0" cb="2"/>
				<line nr="71" mi="0" ci="6" mb="0" cb="0"/>
				<line nr="73" mi="0" ci="4" mb="0" cb="2"/>
				<line nr="74" mi="0" ci="3" mb="0" cb="0"/>
				<line nr="75" mi="0" ci="2" mb="0" cb="0"/>
				<line nr="76" mi="0" ci="2" mb="0" cb="0"/>
				<line nr="79" mi="0" ci="2" mb="0" cb="2"/>
				<line nr="80" mi="0" ci="3" mb="0" cb="0"/>
				<line nr="82" mi="0" ci="1" mb="0" cb="0"/>
				<counter type="INSTRUCTION" missed="0" covered="74"/>
				<counter type="BRANCH" missed="0" covered="10"/>
				<counter type="LINE" missed="0" covered="21"/>
				<counter type="COMPLEXITY" missed="0" covered="8"/>
				<counter type="METHOD" missed="0" covered="3"/>
				<counter type="CLASS" missed="0" covered="1"/>
			</sourcefile>
			<sourcefile name="CompactDataInput.java">
				<line nr="34" mi="0" ci="3" mb="0" cb="0"/>
				<line nr="35" mi="0" ci="1" mb="0" cb="0"/>
				<line nr="45" mi="0" ci="5" mb="0" cb="0"/>
				<line nr="46" mi="0" ci="4" mb="0" cb="2"/>
				<line nr="47" mi="0" ci="2" mb="0" cb="0"/>
				<line nr="49" mi="0" ci="9" mb="0" cb="0"/>
				<line nr="60" mi="0" ci="4" mb="0" cb="0"/>
				<line nr="61" mi="0" ci="2" mb="0" cb="0"/>
				<line nr="62" mi="0" ci="8" mb="0" cb="2"/>
				<line nr="63" mi="0" ci="4" mb="0" cb="2"/>
				<line nr="64" mi="0" ci="3" mb="0" cb="0"/>
				<line nr="66" mi="0" ci="10" mb="0" cb="2"/>
				<line nr="67" mi="0" ci="4" mb="0" cb="0"/>
				<line nr="69" mi="0" ci="2" mb="0" cb="0"/>
				<counter type="INSTRUCTION" missed="0" covered="61"/>
				<counter type="BRANCH" missed="0" covered="8"/>
				<counter type="LINE" missed="0" covered="14"/>
				<counter type="COMPLEXITY" missed="0" covered="7"/>
				<counter type="METHOD" missed="0" covered="3"/>
				<counter type="CLASS" missed="0" covered="1"/>
			</sourcefile>
			<counter type="INSTRUCTION" missed="0" covered="244"/>
			<counter type="BRANCH" missed="0" covered="32"/>
			<counter type="LINE" missed="0" covered="55"/>
			<counter type="COMPLEXITY" missed="0" covered="26"/>
			<counter type="METHOD" missed="0" covered="10"/>
			<counter type="CLASS" missed="0" covered="3"/>
		</package>
		<counter type="INSTRUCTION" missed="433" covered="14322"/>
		<counter type="BRANCH" missed="109" covered="1340"/>
		<counter type="LINE" missed="137" covered="3707"/>
		<counter type="COMPLEXITY" missed="122" covered="1350"/>
		<counter type="METHOD" missed="13" covered="713"/>
		<counter type="CLASS" missed="1" covered="139"/>
	</group>
	<counter type="INSTRUCTION" missed="1417" covered="26772"/>
	<counter type="BRANCH" missed="166" covered="2130"/>
	<counter type="LINE" missed="400" covered="6753"/>
	<counter type="COMPLEXITY" missed="226" covered="2474"/>
	<counter type="METHOD" missed="69" covered="1451"/>
	<counter type="CLASS" missed="14" covered="284"/>
</report>
