<?xml version="1.0" encoding="UTF-8" standalone="yes"?>
<!DOCTYPE report PUBLIC "-//JACOCO//DTD Report 1.1//EN" "report.dtd">
<report name="JaCoCo Coverage Report">
	<sessioninfo id="CORSAIRONE-5073a9c1" start="1706619256770" dump="1706619256863"/>
	<package name="">
		<class name="ExecutedLoCLogger$1" sourcefilename="ExecutedLoCLogger.java">
			<method name="&lt;init&gt;" desc="(LExecutedLoCLogger;Ljava/lang/String;Ljava/io/InputStream;)V" line="151">
				<counter type="INSTRUCTION" missed="10" covered="0"/>
				<counter type="LINE" missed="1" covered="0"/>
				<counter type="COMPLEXITY" missed="1" covered="0"/>
				<counter type="METHOD" missed="1" covered="0"/>
			</method>
			<method name="run" desc="()V" line="155">
				<counter type="INSTRUCTION" missed="11" covered="0"/>
				<counter type="LINE" missed="5" covered="0"/>
				<counter type="COMPLEXITY" missed="1" covered="0"/>
				<counter type="METHOD" missed="1" covered="0"/>
			</method>
			<counter type="INSTRUCTION" missed="21" covered="0"/>
			<counter type="LINE" missed="6" covered="0"/>
			<counter type="COMPLEXITY" missed="2" covered="0"/>
			<counter type="METHOD" missed="2" covered="0"/>
			<counter type="CLASS" missed="1" covered="0"/>
		</class>
		<class name="ExecutedLoCLogger$2" sourcefilename="ExecutedLoCLogger.java">
			<method name="&lt;init&gt;" desc="(LExecutedLoCLogger;Ljava/lang/String;ZLjava/io/BufferedReader;Ljava/io/BufferedWriter;)V" line="191">
				<counter type="INSTRUCTION" missed="16" covered="0"/>
				<counter type="LINE" missed="1" covered="0"/>
				<counter type="COMPLEXITY" missed="1" covered="0"/>
				<counter type="METHOD" missed="1" covered="0"/>
			</method>
			<method name="run" desc="()V" line="195">
				<counter type="INSTRUCTION" missed="27" covered="0"/>
				<counter type="BRANCH" missed="2" covered="0"/>
				<counter type="LINE" missed="10" covered="0"/>
				<counter type="COMPLEXITY" missed="2" covered="0"/>
				<counter type="METHOD" missed="1" covered="0"/>
			</method>
			<counter type="INSTRUCTION" missed="43" covered="0"/>
			<counter type="BRANCH" missed="2" covered="0"/>
			<counter type="LINE" missed="11" covered="0"/>
			<counter type="COMPLEXITY" missed="3" covered="0"/>
			<counter type="METHOD" missed="2" covered="0"/>
			<counter type="CLASS" missed="1" covered="0"/>
		</class>
		<class name="ExecutedLoCLogger" sourcefilename="ExecutedLoCLogger.java">
			<method name="&lt;init&gt;" desc="()V" line="11">
				<counter type="INSTRUCTION" missed="34" covered="0"/>
				<counter type="LINE" missed="7" covered="0"/>
				<counter type="COMPLEXITY" missed="1" covered="0"/>
				<counter type="METHOD" missed="1" covered="0"/>
			</method>
			<method name="main" desc="([Ljava/lang/String;)V" line="32">
				<counter type="INSTRUCTION" missed="124" covered="0"/>
				<counter type="BRANCH" missed="12" covered="0"/>
				<counter type="LINE" missed="33" covered="0"/>
				<counter type="COMPLEXITY" missed="7" covered="0"/>
				<counter type="METHOD" missed="1" covered="0"/>
			</method>
			<method name="startLogging" desc="(LExecutedLoCLogger;)V" line="80">
				<counter type="INSTRUCTION" missed="101" covered="0"/>
				<counter type="BRANCH" missed="14" covered="0"/>
				<counter type="LINE" missed="30" covered="0"/>
				<counter type="COMPLEXITY" missed="8" covered="0"/>
				<counter type="METHOD" missed="1" covered="0"/>
			</method>
			<method name="printLookUpTable" desc="()V" line="127">
				<counter type="INSTRUCTION" missed="43" covered="0"/>
				<counter type="BRANCH" missed="4" covered="0"/>
				<counter type="LINE" missed="6" covered="0"/>
				<counter type="COMPLEXITY" missed="3" covered="0"/>
				<counter type="METHOD" missed="1" covered="0"/>
			</method>
			<method name="connectAndLaunchVM" desc="()Lcom/sun/jdi/VirtualMachine;" line="140">
				<counter type="INSTRUCTION" missed="17" covered="0"/>
				<counter type="LINE" missed="4" covered="0"/>
				<counter type="COMPLEXITY" missed="1" covered="0"/>
				<counter type="METHOD" missed="1" covered="0"/>
			</method>
			<method name="displayTargetOutput" desc="(Ljava/io/InputStream;)V" line="151">
				<counter type="INSTRUCTION" missed="13" covered="0"/>
				<counter type="LINE" missed="4" covered="0"/>
				<counter type="COMPLEXITY" missed="1" covered="0"/>
				<counter type="METHOD" missed="1" covered="0"/>
			</method>
			<method name="printStream" desc="(Ljava/io/InputStream;)V" line="169">
				<counter type="INSTRUCTION" missed="31" covered="0"/>
				<counter type="BRANCH" missed="4" covered="0"/>
				<counter type="LINE" missed="9" covered="0"/>
				<counter type="COMPLEXITY" missed="3" covered="0"/>
				<counter type="METHOD" missed="1" covered="0"/>
			</method>
			<method name="forwardInputToTarget" desc="(Ljava/io/OutputStream;)V" line="188">
				<counter type="INSTRUCTION" missed="33" covered="0"/>
				<counter type="LINE" missed="7" covered="0"/>
				<counter type="COMPLEXITY" missed="1" covered="0"/>
				<counter type="METHOD" missed="1" covered="0"/>
			</method>
			<method name="enableClassPrepareRequests" desc="(Lcom/sun/jdi/VirtualMachine;)V" line="216">
				<counter type="INSTRUCTION" missed="24" covered="0"/>
				<counter type="BRANCH" missed="2" covered="0"/>
				<counter type="LINE" missed="7" covered="0"/>
				<counter type="COMPLEXITY" missed="2" covered="0"/>
				<counter type="METHOD" missed="1" covered="0"/>
			</method>
			<method name="enableMethodEntryAndExitRequests" desc="(Lcom/sun/jdi/VirtualMachine;)V" line="228">
				<counter type="INSTRUCTION" missed="32" covered="0"/>
				<counter type="BRANCH" missed="2" covered="0"/>
				<counter type="LINE" missed="10" covered="0"/>
				<counter type="COMPLEXITY" missed="2" covered="0"/>
				<counter type="METHOD" missed="1" covered="0"/>
			</method>
			<method name="enableModificationWatchpointRequests" desc="(Lcom/sun/jdi/VirtualMachine;Lcom/sun/jdi/Field;)V" line="245">
				<counter type="INSTRUCTION" missed="16" covered="0"/>
				<counter type="LINE" missed="6" covered="0"/>
				<counter type="COMPLEXITY" missed="1" covered="0"/>
				<counter type="METHOD" missed="1" covered="0"/>
			</method>
			<method name="enableStepRequest" desc="(Lcom/sun/jdi/VirtualMachine;Lcom/sun/jdi/event/MethodEntryEvent;)V" line="256">
				<counter type="INSTRUCTION" missed="17" covered="0"/>
				<counter type="LINE" missed="5" covered="0"/>
				<counter type="COMPLEXITY" missed="1" covered="0"/>
				<counter type="METHOD" missed="1" covered="0"/>
			</method>
			<method name="enableStepRequest" desc="(Lcom/sun/jdi/VirtualMachine;Lcom/sun/jdi/event/MethodExitEvent;Lcom/sun/jdi/ReferenceType;)V" line="266">
				<counter type="INSTRUCTION" missed="14" covered="0"/>
				<counter type="LINE" missed="5" covered="0"/>
				<counter type="COMPLEXITY" missed="1" covered="0"/>
				<counter type="METHOD" missed="1" covered="0"/>
			</method>
			<method name="handleClassPrepareEvent" desc="(Lcom/sun/jdi/VirtualMachine;Lcom/sun/jdi/event/ClassPrepareEvent;)V" line="277">
				<counter type="INSTRUCTION" missed="23" covered="0"/>
				<counter type="BRANCH" missed="4" covered="0"/>
				<counter type="LINE" missed="6" covered="0"/>
				<counter type="COMPLEXITY" missed="3" covered="0"/>
				<counter type="METHOD" missed="1" covered="0"/>
			</method>
			<method name="handleMethodEntryEvent" desc="(Lcom/sun/jdi/VirtualMachine;Lcom/sun/jdi/event/MethodEntryEvent;)V" line="292">
				<counter type="INSTRUCTION" missed="55" covered="0"/>
				<counter type="BRANCH" missed="2" covered="0"/>
				<counter type="LINE" missed="11" covered="0"/>
				<counter type="COMPLEXITY" missed="2" covered="0"/>
				<counter type="METHOD" missed="1" covered="0"/>
			</method>
			<method name="handleMethodExitEvent" desc="(Lcom/sun/jdi/VirtualMachine;Lcom/sun/jdi/event/MethodExitEvent;)V" line="314">
				<counter type="INSTRUCTION" missed="42" covered="0"/>
				<counter type="BRANCH" missed="2" covered="0"/>
				<counter type="LINE" missed="7" covered="0"/>
				<counter type="COMPLEXITY" missed="2" covered="0"/>
				<counter type="METHOD" missed="1" covered="0"/>
			</method>
			<method name="handleStepEvent" desc="(Lcom/sun/jdi/event/StepEvent;)V" line="328">
				<counter type="INSTRUCTION" missed="41" covered="0"/>
				<counter type="BRANCH" missed="2" covered="0"/>
				<counter type="LINE" missed="9" covered="0"/>
				<counter type="COMPLEXITY" missed="2" covered="0"/>
				<counter type="METHOD" missed="1" covered="0"/>
			</method>
			<method name="handleModificationWatchpointEvent" desc="(Lcom/sun/jdi/event/ModificationWatchpointEvent;)V" line="349">
				<counter type="INSTRUCTION" missed="67" covered="0"/>
				<counter type="BRANCH" missed="10" covered="0"/>
				<counter type="LINE" missed="10" covered="0"/>
				<counter type="COMPLEXITY" missed="6" covered="0"/>
				<counter type="METHOD" missed="1" covered="0"/>
			</method>
			<method name="getAllClassesOfProject" desc="(LExecutedLoCLogger;)V" line="367">
				<counter type="INSTRUCTION" missed="17" covered="0"/>
				<counter type="LINE" missed="5" covered="0"/>
				<counter type="COMPLEXITY" missed="1" covered="0"/>
				<counter type="METHOD" missed="1" covered="0"/>
			</method>
			<method name="printLocalVariables" desc="(Lcom/sun/jdi/StackFrame;)V" line="378">
				<counter type="INSTRUCTION" missed="84" covered="0"/>
				<counter type="BRANCH" missed="10" covered="0"/>
				<counter type="LINE" missed="14" covered="0"/>
				<counter type="COMPLEXITY" missed="6" covered="0"/>
				<counter type="METHOD" missed="1" covered="0"/>
			</method>
			<method name="scanDirectoryForFiles" desc="(Ljava/io/File;LExecutedLoCLogger;Ljava/lang/String;)V" line="398">
				<counter type="INSTRUCTION" missed="58" covered="0"/>
				<counter type="BRANCH" missed="8" covered="0"/>
				<counter type="LINE" missed="8" covered="0"/>
				<counter type="COMPLEXITY" missed="5" covered="0"/>
				<counter type="METHOD" missed="1" covered="0"/>
			</method>
			<method name="scanDirectoryForFiles" desc="(Ljava/io/File;LExecutedLoCLogger;)V" line="416">
				<counter type="INSTRUCTION" missed="51" covered="0"/>
				<counter type="BRANCH" missed="8" covered="0"/>
				<counter type="LINE" missed="7" covered="0"/>
				<counter type="COMPLEXITY" missed="5" covered="0"/>
				<counter type="METHOD" missed="1" covered="0"/>
			</method>
			<method name="stripClassNameOfArgs" desc="(Ljava/lang/String;)Ljava/lang/String;" line="427">
				<counter type="INSTRUCTION" missed="6" covered="0"/>
				<counter type="LINE" missed="1" covered="0"/>
				<counter type="COMPLEXITY" missed="1" covered="0"/>
				<counter type="METHOD" missed="1" covered="0"/>
			</method>
			<method name="help" desc="()V" line="431">
				<counter type="INSTRUCTION" missed="4" covered="0"/>
				<counter type="LINE" missed="2" covered="0"/>
				<counter type="COMPLEXITY" missed="1" covered="0"/>
				<counter type="METHOD" missed="1" covered="0"/>
			</method>
			<method name="getDebugClassName" desc="()Ljava/lang/String;" line="435">
				<counter type="INSTRUCTION" missed="3" covered="0"/>
				<counter type="LINE" missed="1" covered="0"/>
				<counter type="COMPLEXITY" missed="1" covered="0"/>
				<counter type="METHOD" missed="1" covered="0"/>
			</method>
			<method name="setDebugClassName" desc="(Ljava/lang/String;)V" line="439">
				<counter type="INSTRUCTION" missed="4" covered="0"/>
				<counter type="LINE" missed="2" covered="0"/>
				<counter type="COMPLEXITY" missed="1" covered="0"/>
				<counter type="METHOD" missed="1" covered="0"/>
			</method>
			<method name="getDebugClassNameWithArgs" desc="()Ljava/lang/String;" line="443">
				<counter type="INSTRUCTION" missed="3" covered="0"/>
				<counter type="LINE" missed="1" covered="0"/>
				<counter type="COMPLEXITY" missed="1" covered="0"/>
				<counter type="METHOD" missed="1" covered="0"/>
			</method>
			<method name="setDebugClassNameWithArgs" desc="(Ljava/lang/String;)V" line="447">
				<counter type="INSTRUCTION" missed="4" covered="0"/>
				<counter type="LINE" missed="2" covered="0"/>
				<counter type="COMPLEXITY" missed="1" covered="0"/>
				<counter type="METHOD" missed="1" covered="0"/>
			</method>
			<method name="getClasses" desc="()Ljava/util/List;" line="451">
				<counter type="INSTRUCTION" missed="3" covered="0"/>
				<counter type="LINE" missed="1" covered="0"/>
				<counter type="COMPLEXITY" missed="1" covered="0"/>
				<counter type="METHOD" missed="1" covered="0"/>
			</method>
			<method name="setClasses" desc="(Ljava/util/List;)V" line="455">
				<counter type="INSTRUCTION" missed="4" covered="0"/>
				<counter type="LINE" missed="2" covered="0"/>
				<counter type="COMPLEXITY" missed="1" covered="0"/>
				<counter type="METHOD" missed="1" covered="0"/>
			</method>
			<method name="getWriter" desc="()Ljava/io/PrintWriter;" line="459">
				<counter type="INSTRUCTION" missed="3" covered="0"/>
				<counter type="LINE" missed="1" covered="0"/>
				<counter type="COMPLEXITY" missed="1" covered="0"/>
				<counter type="METHOD" missed="1" covered="0"/>
			</method>
			<method name="setWriter" desc="(Ljava/io/PrintWriter;)V" line="463">
				<counter type="INSTRUCTION" missed="4" covered="0"/>
				<counter type="LINE" missed="2" covered="0"/>
				<counter type="COMPLEXITY" missed="1" covered="0"/>
				<counter type="METHOD" missed="1" covered="0"/>
			</method>
			<method name="getClassesWithPaths" desc="()Ljava/util/List;" line="467">
				<counter type="INSTRUCTION" missed="3" covered="0"/>
				<counter type="LINE" missed="1" covered="0"/>
				<counter type="COMPLEXITY" missed="1" covered="0"/>
				<counter type="METHOD" missed="1" covered="0"/>
			</method>
			<method name="setClassesWithPaths" desc="(Ljava/util/List;)V" line="471">
				<counter type="INSTRUCTION" missed="4" covered="0"/>
				<counter type="LINE" missed="2" covered="0"/>
				<counter type="COMPLEXITY" missed="1" covered="0"/>
				<counter type="METHOD" missed="1" covered="0"/>
			</method>
			<counter type="INSTRUCTION" missed="982" covered="0"/>
			<counter type="BRANCH" missed="84" covered="0"/>
			<counter type="LINE" missed="228" covered="0"/>
			<counter type="COMPLEXITY" missed="76" covered="0"/>
			<counter type="METHOD" missed="34" covered="0"/>
			<counter type="CLASS" missed="1" covered="0"/>
		</class>
		<class name="Main" sourcefilename="Main.java">
			<method name="&lt;init&gt;" desc="()V" line="10">
				<counter type="INSTRUCTION" missed="3" covered="0"/>
				<counter type="LINE" missed="1" covered="0"/>
				<counter type="COMPLEXITY" missed="1" covered="0"/>
				<counter type="METHOD" missed="1" covered="0"/>
			</method>
			<method name="main" desc="([Ljava/lang/String;)V" line="13">
				<counter type="INSTRUCTION" missed="14" covered="6"/>
				<counter type="BRANCH" missed="1" covered="1"/>
				<counter type="LINE" missed="5" covered="3"/>
				<counter type="COMPLEXITY" missed="1" covered="1"/>
				<counter type="METHOD" missed="0" covered="1"/>
			</method>
			<method name="noninteractive" desc="([Ljava/lang/String;)V" line="25">
				<counter type="INSTRUCTION" missed="11" covered="122"/>
				<counter type="BRANCH" missed="1" covered="9"/>
				<counter type="LINE" missed="5" covered="35"/>
				<counter type="COMPLEXITY" missed="1" covered="5"/>
				<counter type="METHOD" missed="0" covered="1"/>
			</method>
			<method name="interactive" desc="()V" line="69">
				<counter type="INSTRUCTION" missed="146" covered="0"/>
				<counter type="BRANCH" missed="8" covered="0"/>
				<counter type="LINE" missed="43" covered="0"/>
				<counter type="COMPLEXITY" missed="5" covered="0"/>
				<counter type="METHOD" missed="1" covered="0"/>
			</method>
			<method name="afterfunction" desc="()V" line="116">
				<counter type="INSTRUCTION" missed="34" covered="0"/>
				<counter type="BRANCH" missed="4" covered="0"/>
				<counter type="LINE" missed="10" covered="0"/>
				<counter type="COMPLEXITY" missed="3" covered="0"/>
				<counter type="METHOD" missed="1" covered="0"/>
			</method>
			<counter type="INSTRUCTION" missed="208" covered="128"/>
			<counter type="BRANCH" missed="14" covered="10"/>
			<counter type="LINE" missed="64" covered="38"/>
			<counter type="COMPLEXITY" missed="11" covered="6"/>
			<counter type="METHOD" missed="3" covered="2"/>
			<counter type="CLASS" missed="0" covered="1"/>
		</class>
		<sourcefile name="ExecutedLoCLogger.java">
			<line nr="11" mi="2" ci="0" mb="0" cb="0"/>
			<line nr="15" mi="5" ci="0" mb="0" cb="0"/>
			<line nr="16" mi="5" ci="0" mb="0" cb="0"/>
			<line nr="17" mi="6" ci="0" mb="0" cb="0"/>
			<line nr="18" mi="5" ci="0" mb="0" cb="0"/>
			<line nr="19" mi="5" ci="0" mb="0" cb="0"/>
			<line nr="20" mi="6" ci="0" mb="0" cb="0"/>
			<line nr="32" mi="4" ci="0" mb="0" cb="0"/>
			<line nr="34" mi="8" ci="0" mb="2" cb="0"/>
			<line nr="35" mi="4" ci="0" mb="0" cb="0"/>
			<line nr="36" mi="5" ci="0" mb="2" cb="0"/>
			<line nr="37" mi="1" ci="0" mb="0" cb="0"/>
			<line nr="38" mi="4" ci="0" mb="2" cb="0"/>
			<line nr="40" mi="12" ci="0" mb="0" cb="0"/>
			<line nr="41" mi="1" ci="0" mb="0" cb="0"/>
			<line nr="42" mi="6" ci="0" mb="0" cb="0"/>
			<line nr="43" mi="2" ci="0" mb="0" cb="0"/>
			<line nr="44" mi="2" ci="0" mb="0" cb="0"/>
			<line nr="45" mi="4" ci="0" mb="2" cb="0"/>
			<line nr="46" mi="3" ci="0" mb="0" cb="0"/>
			<line nr="47" mi="1" ci="0" mb="0" cb="0"/>
			<line nr="48" mi="3" ci="0" mb="0" cb="0"/>
			<line nr="50" mi="4" ci="0" mb="0" cb="0"/>
			<line nr="51" mi="1" ci="0" mb="0" cb="0"/>
			<line nr="52" mi="2" ci="0" mb="0" cb="0"/>
			<line nr="55" mi="4" ci="0" mb="2" cb="0"/>
			<line nr="56" mi="3" ci="0" mb="0" cb="0"/>
			<line nr="57" mi="1" ci="0" mb="0" cb="0"/>
			<line nr="58" mi="2" ci="0" mb="0" cb="0"/>
			<line nr="61" mi="4" ci="0" mb="0" cb="0"/>
			<line nr="62" mi="6" ci="0" mb="0" cb="0"/>
			<line nr="63" mi="7" ci="0" mb="2" cb="0"/>
			<line nr="64" mi="4" ci="0" mb="0" cb="0"/>
			<line nr="65" mi="6" ci="0" mb="0" cb="0"/>
			<line nr="67" mi="4" ci="0" mb="0" cb="0"/>
			<line nr="68" mi="5" ci="0" mb="0" cb="0"/>
			<line nr="69" mi="2" ci="0" mb="0" cb="0"/>
			<line nr="70" mi="6" ci="0" mb="0" cb="0"/>
			<line nr="71" mi="2" ci="0" mb="0" cb="0"/>
			<line nr="72" mi="1" ci="0" mb="0" cb="0"/>
			<line nr="80" mi="2" ci="0" mb="0" cb="0"/>
			<line nr="82" mi="3" ci="0" mb="0" cb="0"/>
			<line nr="83" mi="5" ci="0" mb="0" cb="0"/>
			<line nr="84" mi="5" ci="0" mb="0" cb="0"/>
			<line nr="85" mi="5" ci="0" mb="0" cb="0"/>
			<line nr="86" mi="3" ci="0" mb="0" cb="0"/>
			<line nr="87" mi="3" ci="0" mb="0" cb="0"/>
			<line nr="89" mi="6" ci="0" mb="2" cb="0"/>
			<line nr="90" mi="10" ci="0" mb="2" cb="0"/>
			<line nr="91" mi="3" ci="0" mb="2" cb="0"/>
			<line nr="92" mi="5" ci="0" mb="0" cb="0"/>
			<line nr="94" mi="3" ci="0" mb="2" cb="0"/>
			<line nr="95" mi="4" ci="0" mb="0" cb="0"/>
			<line nr="97" mi="3" ci="0" mb="2" cb="0"/>
			<line nr="98" mi="5" ci="0" mb="0" cb="0"/>
			<line nr="100" mi="3" ci="0" mb="2" cb="0"/>
			<line nr="101" mi="5" ci="0" mb="0" cb="0"/>
			<line nr="103" mi="3" ci="0" mb="2" cb="0"/>
			<line nr="104" mi="4" ci="0" mb="0" cb="0"/>
			<line nr="108" mi="2" ci="0" mb="0" cb="0"/>
			<line nr="109" mi="2" ci="0" mb="0" cb="0"/>
			<line nr="112" mi="1" ci="0" mb="0" cb="0"/>
			<line nr="113" mi="3" ci="0" mb="0" cb="0"/>
			<line nr="114" mi="2" ci="0" mb="0" cb="0"/>
			<line nr="115" mi="3" ci="0" mb="0" cb="0"/>
			<line nr="116" mi="2" ci="0" mb="0" cb="0"/>
			<line nr="118" mi="1" ci="0" mb="0" cb="0"/>
			<line nr="119" mi="2" ci="0" mb="0" cb="0"/>
			<line nr="120" mi="2" ci="0" mb="0" cb="0"/>
			<line nr="121" mi="1" ci="0" mb="0" cb="0"/>
			<line nr="127" mi="4" ci="0" mb="0" cb="0"/>
			<line nr="128" mi="9" ci="0" mb="2" cb="0"/>
			<line nr="129" mi="10" ci="0" mb="0" cb="0"/>
			<line nr="131" mi="9" ci="0" mb="2" cb="0"/>
			<line nr="132" mi="10" ci="0" mb="0" cb="0"/>
			<line nr="134" mi="1" ci="0" mb="0" cb="0"/>
			<line nr="140" mi="3" ci="0" mb="0" cb="0"/>
			<line nr="141" mi="3" ci="0" mb="0" cb="0"/>
			<line nr="142" mi="7" ci="0" mb="0" cb="0"/>
			<line nr="143" mi="4" ci="0" mb="0" cb="0"/>
			<line nr="151" mi="17" ci="0" mb="0" cb="0"/>
			<line nr="155" mi="5" ci="0" mb="0" cb="0"/>
			<line nr="156" mi="1" ci="0" mb="0" cb="0"/>
			<line nr="157" mi="3" ci="0" mb="0" cb="0"/>
			<line nr="158" mi="1" ci="0" mb="0" cb="0"/>
			<line nr="159" mi="1" ci="0" mb="0" cb="0"/>
			<line nr="161" mi="3" ci="0" mb="0" cb="0"/>
			<line nr="162" mi="2" ci="0" mb="0" cb="0"/>
			<line nr="163" mi="1" ci="0" mb="0" cb="0"/>
			<line nr="169" mi="8" ci="0" mb="0" cb="0"/>
			<line nr="173" mi="6" ci="0" mb="2" cb="0"/>
			<line nr="174" mi="5" ci="0" mb="0" cb="0"/>
			<line nr="176" mi="1" ci="0" mb="0" cb="0"/>
			<line nr="177" mi="3" ci="0" mb="0" cb="0"/>
			<line nr="178" mi="4" ci="0" mb="2" cb="0"/>
			<line nr="179" mi="2" ci="0" mb="0" cb="0"/>
			<line nr="181" mi="1" ci="0" mb="0" cb="0"/>
			<line nr="182" mi="1" ci="0" mb="0" cb="0"/>
			<line nr="188" mi="2" ci="0" mb="0" cb="0"/>
			<line nr="189" mi="8" ci="0" mb="0" cb="0"/>
			<line nr="190" mi="8" ci="0" mb="0" cb="0"/>
			<line nr="191" mi="25" ci="0" mb="0" cb="0"/>
			<line nr="195" mi="3" ci="0" mb="2" cb="0"/>
			<line nr="197" mi="4" ci="0" mb="0" cb="0"/>
			<line nr="198" mi="4" ci="0" mb="0" cb="0"/>
			<line nr="199" mi="4" ci="0" mb="0" cb="0"/>
			<line nr="200" mi="3" ci="0" mb="0" cb="0"/>
			<line nr="201" mi="1" ci="0" mb="0" cb="0"/>
			<line nr="202" mi="3" ci="0" mb="0" cb="0"/>
			<line nr="203" mi="2" ci="0" mb="0" cb="0"/>
			<line nr="204" mi="2" ci="0" mb="0" cb="0"/>
			<line nr="206" mi="1" ci="0" mb="0" cb="0"/>
			<line nr="208" mi="3" ci="0" mb="0" cb="0"/>
			<line nr="209" mi="2" ci="0" mb="0" cb="0"/>
			<line nr="210" mi="1" ci="0" mb="0" cb="0"/>
			<line nr="216" mi="3" ci="0" mb="0" cb="0"/>
			<line nr="217" mi="11" ci="0" mb="2" cb="0"/>
			<line nr="218" mi="3" ci="0" mb="0" cb="0"/>
			<line nr="219" mi="3" ci="0" mb="0" cb="0"/>
			<line nr="220" mi="2" ci="0" mb="0" cb="0"/>
			<line nr="221" mi="1" ci="0" mb="0" cb="0"/>
			<line nr="222" mi="1" ci="0" mb="0" cb="0"/>
			<line nr="228" mi="3" ci="0" mb="0" cb="0"/>
			<line nr="229" mi="11" ci="0" mb="2" cb="0"/>
			<line nr="230" mi="3" ci="0" mb="0" cb="0"/>
			<line nr="231" mi="3" ci="0" mb="0" cb="0"/>
			<line nr="232" mi="3" ci="0" mb="0" cb="0"/>
			<line nr="233" mi="3" ci="0" mb="0" cb="0"/>
			<line nr="234" mi="2" ci="0" mb="0" cb="0"/>
			<line nr="235" mi="2" ci="0" mb="0" cb="0"/>
			<line nr="236" mi="1" ci="0" mb="0" cb="0"/>
			<line nr="237" mi="1" ci="0" mb="0" cb="0"/>
			<line nr="245" mi="3" ci="0" mb="0" cb="0"/>
			<line nr="246" mi="4" ci="0" mb="0" cb="0"/>
			<line nr="247" mi="4" ci="0" mb="0" cb="0"/>
			<line nr="248" mi="2" ci="0" mb="0" cb="0"/>
			<line nr="249" mi="2" ci="0" mb="0" cb="0"/>
			<line nr="250" mi="1" ci="0" mb="0" cb="0"/>
			<line nr="256" mi="3" ci="0" mb="0" cb="0"/>
			<line nr="257" mi="5" ci="0" mb="0" cb="0"/>
			<line nr="258" mi="6" ci="0" mb="0" cb="0"/>
			<line nr="259" mi="2" ci="0" mb="0" cb="0"/>
			<line nr="260" mi="1" ci="0" mb="0" cb="0"/>
			<line nr="266" mi="3" ci="0" mb="0" cb="0"/>
			<line nr="267" mi="5" ci="0" mb="0" cb="0"/>
			<line nr="268" mi="3" ci="0" mb="0" cb="0"/>
			<line nr="269" mi="2" ci="0" mb="0" cb="0"/>
			<line nr="270" mi="1" ci="0" mb="0" cb="0"/>
			<line nr="277" mi="4" ci="0" mb="0" cb="0"/>
			<line nr="278" mi="3" ci="0" mb="2" cb="0"/>
			<line nr="279" mi="10" ci="0" mb="2" cb="0"/>
			<line nr="280" mi="4" ci="0" mb="0" cb="0"/>
			<line nr="281" mi="1" ci="0" mb="0" cb="0"/>
			<line nr="283" mi="1" ci="0" mb="0" cb="0"/>
			<line nr="292" mi="6" ci="0" mb="0" cb="0"/>
			<line nr="293" mi="7" ci="0" mb="2" cb="0"/>
			<line nr="294" mi="7" ci="0" mb="0" cb="0"/>
			<line nr="296" mi="13" ci="0" mb="0" cb="0"/>
			<line nr="298" mi="5" ci="0" mb="0" cb="0"/>
			<line nr="299" mi="3" ci="0" mb="0" cb="0"/>
			<line nr="300" mi="1" ci="0" mb="0" cb="0"/>
			<line nr="303" mi="1" ci="0" mb="0" cb="0"/>
			<line nr="304" mi="7" ci="0" mb="0" cb="0"/>
			<line nr="305" mi="4" ci="0" mb="0" cb="0"/>
			<line nr="306" mi="1" ci="0" mb="0" cb="0"/>
			<line nr="314" mi="6" ci="0" mb="0" cb="0"/>
			<line nr="315" mi="4" ci="0" mb="0" cb="0"/>
			<line nr="316" mi="13" ci="0" mb="0" cb="0"/>
			<line nr="317" mi="6" ci="0" mb="0" cb="0"/>
			<line nr="318" mi="4" ci="0" mb="2" cb="0"/>
			<line nr="319" mi="8" ci="0" mb="0" cb="0"/>
			<line nr="321" mi="1" ci="0" mb="0" cb="0"/>
			<line nr="328" mi="8" ci="0" mb="2" cb="0"/>
			<line nr="329" mi="8" ci="0" mb="0" cb="0"/>
			<line nr="331" mi="6" ci="0" mb="0" cb="0"/>
			<line nr="332" mi="8" ci="0" mb="0" cb="0"/>
			<line nr="334" mi="5" ci="0" mb="0" cb="0"/>
			<line nr="335" mi="3" ci="0" mb="0" cb="0"/>
			<line nr="336" mi="1" ci="0" mb="0" cb="0"/>
			<line nr="339" mi="1" ci="0" mb="0" cb="0"/>
			<line nr="340" mi="1" ci="0" mb="0" cb="0"/>
			<line nr="349" mi="7" ci="0" mb="2" cb="0"/>
			<line nr="350" mi="7" ci="0" mb="0" cb="0"/>
			<line nr="352" mi="7" ci="0" mb="0" cb="0"/>
			<line nr="353" mi="9" ci="0" mb="4" cb="0"/>
			<line nr="354" mi="9" ci="0" mb="0" cb="0"/>
			<line nr="355" mi="4" ci="0" mb="2" cb="0"/>
			<line nr="356" mi="10" ci="0" mb="0" cb="0"/>
			<line nr="357" mi="5" ci="0" mb="2" cb="0"/>
			<line nr="358" mi="8" ci="0" mb="0" cb="0"/>
			<line nr="360" mi="1" ci="0" mb="0" cb="0"/>
			<line nr="367" mi="3" ci="0" mb="0" cb="0"/>
			<line nr="368" mi="4" ci="0" mb="0" cb="0"/>
			<line nr="369" mi="6" ci="0" mb="0" cb="0"/>
			<line nr="370" mi="3" ci="0" mb="0" cb="0"/>
			<line nr="371" mi="1" ci="0" mb="0" cb="0"/>
			<line nr="378" mi="5" ci="0" mb="0" cb="0"/>
			<line nr="379" mi="4" ci="0" mb="2" cb="0"/>
			<line nr="380" mi="11" ci="0" mb="2" cb="0"/>
			<line nr="381" mi="4" ci="0" mb="2" cb="0"/>
			<line nr="382" mi="13" ci="0" mb="0" cb="0"/>
			<line nr="383" mi="4" ci="0" mb="2" cb="0"/>
			<line nr="384" mi="11" ci="0" mb="0" cb="0"/>
			<line nr="385" mi="4" ci="0" mb="2" cb="0"/>
			<line nr="386" mi="14" ci="0" mb="0" cb="0"/>
			<line nr="388" mi="10" ci="0" mb="0" cb="0"/>
			<line nr="390" mi="1" ci="0" mb="0" cb="0"/>
			<line nr="392" mi="1" ci="0" mb="0" cb="0"/>
			<line nr="394" mi="1" ci="0" mb="0" cb="0"/>
			<line nr="395" mi="1" ci="0" mb="0" cb="0"/>
			<line nr="398" mi="3" ci="0" mb="2" cb="0"/>
			<line nr="399" mi="5" ci="0" mb="0" cb="0"/>
			<line nr="400" mi="17" ci="0" mb="2" cb="0"/>
			<line nr="401" mi="4" ci="0" mb="0" cb="0"/>
			<line nr="403" mi="11" ci="0" mb="4" cb="0"/>
			<line nr="404" mi="11" ci="0" mb="0" cb="0"/>
			<line nr="405" mi="6" ci="0" mb="0" cb="0"/>
			<line nr="407" mi="1" ci="0" mb="0" cb="0"/>
			<line nr="416" mi="3" ci="0" mb="2" cb="0"/>
			<line nr="417" mi="18" ci="0" mb="2" cb="0"/>
			<line nr="418" mi="4" ci="0" mb="0" cb="0"/>
			<line nr="420" mi="10" ci="0" mb="4" cb="0"/>
			<line nr="421" mi="9" ci="0" mb="0" cb="0"/>
			<line nr="422" mi="6" ci="0" mb="0" cb="0"/>
			<line nr="424" mi="1" ci="0" mb="0" cb="0"/>
			<line nr="427" mi="6" ci="0" mb="0" cb="0"/>
			<line nr="431" mi="3" ci="0" mb="0" cb="0"/>
			<line nr="432" mi="1" ci="0" mb="0" cb="0"/>
			<line nr="435" mi="3" ci="0" mb="0" cb="0"/>
			<line nr="439" mi="3" ci="0" mb="0" cb="0"/>
			<line nr="440" mi="1" ci="0" mb="0" cb="0"/>
			<line nr="443" mi="3" ci="0" mb="0" cb="0"/>
			<line nr="447" mi="3" ci="0" mb="0" cb="0"/>
			<line nr="448" mi="1" ci="0" mb="0" cb="0"/>
			<line nr="451" mi="3" ci="0" mb="0" cb="0"/>
			<line nr="455" mi="3" ci="0" mb="0" cb="0"/>
			<line nr="456" mi="1" ci="0" mb="0" cb="0"/>
			<line nr="459" mi="3" ci="0" mb="0" cb="0"/>
			<line nr="463" mi="3" ci="0" mb="0" cb="0"/>
			<line nr="464" mi="1" ci="0" mb="0" cb="0"/>
			<line nr="467" mi="3" ci="0" mb="0" cb="0"/>
			<line nr="471" mi="3" ci="0" mb="0" cb="0"/>
			<line nr="472" mi="1" ci="0" mb="0" cb="0"/>
			<counter type="INSTRUCTION" missed="1046" covered="0"/>
			<counter type="BRANCH" missed="86" covered="0"/>
			<counter type="LINE" missed="243" covered="0"/>
			<counter type="COMPLEXITY" missed="81" covered="0"/>
			<counter type="METHOD" missed="38" covered="0"/>
			<counter type="CLASS" missed="3" covered="0"/>
		</sourcefile>
		<sourcefile name="Main.java">
			<line nr="10" mi="3" ci="0" mb="0" cb="0"/>
			<line nr="13" mi="0" ci="3" mb="1" cb="1"/>
			<line nr="14" mi="3" ci="0" mb="0" cb="0"/>
			<line nr="15" mi="3" ci="0" mb="0" cb="0"/>
			<line nr="16" mi="3" ci="0" mb="0" cb="0"/>
			<line nr="17" mi="3" ci="0" mb="0" cb="0"/>
			<line nr="18" mi="2" ci="0" mb="0" cb="0"/>
			<line nr="20" mi="0" ci="2" mb="0" cb="0"/>
			<line nr="22" mi="0" ci="1" mb="0" cb="0"/>
			<line nr="25" mi="0" ci="2" mb="0" cb="0"/>
			<line nr="26" mi="0" ci="4" mb="0" cb="2"/>
			<line nr="27" mi="0" ci="4" mb="0" cb="0"/>
			<line nr="28" mi="0" ci="1" mb="0" cb="0"/>
			<line nr="29" mi="0" ci="5" mb="0" cb="2"/>
			<line nr="30" mi="0" ci="3" mb="0" cb="0"/>
			<line nr="31" mi="0" ci="4" mb="0" cb="0"/>
			<line nr="32" mi="0" ci="4" mb="0" cb="0"/>
			<line nr="34" mi="0" ci="3" mb="0" cb="0"/>
			<line nr="35" mi="0" ci="3" mb="0" cb="0"/>
			<line nr="36" mi="1" ci="0" mb="0" cb="0"/>
			<line nr="37" mi="3" ci="0" mb="0" cb="0"/>
			<line nr="38" mi="2" ci="0" mb="0" cb="0"/>
			<line nr="39" mi="0" ci="1" mb="0" cb="0"/>
			<line nr="40" mi="0" ci="6" mb="0" cb="2"/>
			<line nr="41" mi="0" ci="3" mb="0" cb="0"/>
			<line nr="42" mi="0" ci="4" mb="0" cb="0"/>
			<line nr="43" mi="0" ci="4" mb="0" cb="0"/>
			<line nr="44" mi="0" ci="4" mb="0" cb="0"/>
			<line nr="45" mi="0" ci="4" mb="0" cb="0"/>
			<line nr="46" mi="0" ci="6" mb="0" cb="2"/>
			<line nr="47" mi="0" ci="3" mb="0" cb="0"/>
			<line nr="48" mi="0" ci="4" mb="0" cb="0"/>
			<line nr="49" mi="0" ci="4" mb="0" cb="0"/>
			<line nr="50" mi="0" ci="4" mb="0" cb="0"/>
			<line nr="51" mi="0" ci="4" mb="0" cb="0"/>
			<line nr="52" mi="0" ci="6" mb="1" cb="1"/>
			<line nr="53" mi="0" ci="3" mb="0" cb="0"/>
			<line nr="54" mi="0" ci="4" mb="0" cb="0"/>
			<line nr="55" mi="0" ci="4" mb="0" cb="0"/>
			<line nr="56" mi="0" ci="4" mb="0" cb="0"/>
			<line nr="57" mi="0" ci="4" mb="0" cb="0"/>
			<line nr="58" mi="0" ci="4" mb="0" cb="0"/>
			<line nr="59" mi="0" ci="5" mb="0" cb="0"/>
			<line nr="60" mi="0" ci="1" mb="0" cb="0"/>
			<line nr="61" mi="3" ci="0" mb="0" cb="0"/>
			<line nr="62" mi="2" ci="0" mb="0" cb="0"/>
			<line nr="64" mi="0" ci="1" mb="0" cb="0"/>
			<line nr="65" mi="0" ci="1" mb="0" cb="0"/>
			<line nr="66" mi="0" ci="1" mb="0" cb="0"/>
			<line nr="69" mi="4" ci="0" mb="0" cb="0"/>
			<line nr="70" mi="2" ci="0" mb="0" cb="0"/>
			<line nr="71" mi="3" ci="0" mb="0" cb="0"/>
			<line nr="72" mi="3" ci="0" mb="0" cb="0"/>
			<line nr="73" mi="3" ci="0" mb="0" cb="0"/>
			<line nr="74" mi="3" ci="0" mb="0" cb="0"/>
			<line nr="75" mi="3" ci="0" mb="0" cb="0"/>
			<line nr="76" mi="8" ci="0" mb="0" cb="0"/>
			<line nr="77" mi="3" ci="0" mb="0" cb="0"/>
			<line nr="78" mi="5" ci="0" mb="2" cb="0"/>
			<line nr="79" mi="3" ci="0" mb="0" cb="0"/>
			<line nr="80" mi="4" ci="0" mb="0" cb="0"/>
			<line nr="81" mi="3" ci="0" mb="0" cb="0"/>
			<line nr="83" mi="3" ci="0" mb="0" cb="0"/>
			<line nr="84" mi="3" ci="0" mb="0" cb="0"/>
			<line nr="85" mi="1" ci="0" mb="0" cb="0"/>
			<line nr="86" mi="3" ci="0" mb="0" cb="0"/>
			<line nr="87" mi="1" ci="0" mb="0" cb="0"/>
			<line nr="88" mi="1" ci="0" mb="0" cb="0"/>
			<line nr="89" mi="6" ci="0" mb="2" cb="0"/>
			<line nr="90" mi="3" ci="0" mb="0" cb="0"/>
			<line nr="91" mi="3" ci="0" mb="0" cb="0"/>
			<line nr="92" mi="4" ci="0" mb="0" cb="0"/>
			<line nr="93" mi="4" ci="0" mb="0" cb="0"/>
			<line nr="94" mi="4" ci="0" mb="0" cb="0"/>
			<line nr="95" mi="6" ci="0" mb="2" cb="0"/>
			<line nr="96" mi="3" ci="0" mb="0" cb="0"/>
			<line nr="97" mi="3" ci="0" mb="0" cb="0"/>
			<line nr="98" mi="4" ci="0" mb="0" cb="0"/>
			<line nr="99" mi="4" ci="0" mb="0" cb="0"/>
			<line nr="100" mi="4" ci="0" mb="0" cb="0"/>
			<line nr="101" mi="6" ci="0" mb="2" cb="0"/>
			<line nr="102" mi="3" ci="0" mb="0" cb="0"/>
			<line nr="103" mi="3" ci="0" mb="0" cb="0"/>
			<line nr="104" mi="4" ci="0" mb="0" cb="0"/>
			<line nr="105" mi="4" ci="0" mb="0" cb="0"/>
			<line nr="106" mi="4" ci="0" mb="0" cb="0"/>
			<line nr="107" mi="4" ci="0" mb="0" cb="0"/>
			<line nr="108" mi="5" ci="0" mb="0" cb="0"/>
			<line nr="109" mi="1" ci="0" mb="0" cb="0"/>
			<line nr="110" mi="3" ci="0" mb="0" cb="0"/>
			<line nr="112" mi="1" ci="0" mb="0" cb="0"/>
			<line nr="113" mi="1" ci="0" mb="0" cb="0"/>
			<line nr="116" mi="8" ci="0" mb="0" cb="0"/>
			<line nr="117" mi="3" ci="0" mb="0" cb="0"/>
			<line nr="119" mi="3" ci="0" mb="0" cb="0"/>
			<line nr="120" mi="5" ci="0" mb="2" cb="0"/>
			<line nr="121" mi="2" ci="0" mb="0" cb="0"/>
			<line nr="122" mi="5" ci="0" mb="2" cb="0"/>
			<line nr="123" mi="3" ci="0" mb="0" cb="0"/>
			<line nr="125" mi="3" ci="0" mb="0" cb="0"/>
			<line nr="126" mi="1" ci="0" mb="0" cb="0"/>
			<line nr="128" mi="1" ci="0" mb="0" cb="0"/>
			<counter type="INSTRUCTION" missed="208" covered="128"/>
			<counter type="BRANCH" missed="14" covered="10"/>
			<counter type="LINE" missed="64" covered="38"/>
			<counter type="COMPLEXITY" missed="11" covered="6"/>
			<counter type="METHOD" missed="3" covered="2"/>
			<counter type="CLASS" missed="0" covered="1"/>
		</sourcefile>
		<counter type="INSTRUCTION" missed="1254" covered="128"/>
		<counter type="BRANCH" missed="100" covered="10"/>
		<counter type="LINE" missed="307" covered="38"/>
		<counter type="COMPLEXITY" missed="92" covered="6"/>
		<counter type="METHOD" missed="41" covered="2"/>
		<counter type="CLASS" missed="3" covered="1"/>
	</package>
	<package name="counter/unterordner">
		<class name="counter/unterordner/UnterOrdnerTest$InnereKlasse" sourcefilename="UnterOrdnerTest.java">
			<method name="&lt;init&gt;" desc="(Lcounter/unterordner/UnterOrdnerTest;)V" line="12">
				<counter type="INSTRUCTION" missed="6" covered="0"/>
				<counter type="LINE" missed="1" covered="0"/>
				<counter type="COMPLEXITY" missed="1" covered="0"/>
				<counter type="METHOD" missed="1" covered="0"/>
			</method>
			<method name="foobar" desc="(I)I" line="15">
				<counter type="INSTRUCTION" missed="6" covered="0"/>
				<counter type="LINE" missed="2" covered="0"/>
				<counter type="COMPLEXITY" missed="1" covered="0"/>
				<counter type="METHOD" missed="1" covered="0"/>
			</method>
			<counter type="INSTRUCTION" missed="12" covered="0"/>
			<counter type="LINE" missed="3" covered="0"/>
			<counter type="COMPLEXITY" missed="2" covered="0"/>
			<counter type="METHOD" missed="2" covered="0"/>
			<counter type="CLASS" missed="1" covered="0"/>
		</class>
		<class name="counter/unterordner/UnterOrdnerTest" sourcefilename="UnterOrdnerTest.java">
			<method name="&lt;init&gt;" desc="()V" line="4">
				<counter type="INSTRUCTION" missed="3" covered="0"/>
				<counter type="LINE" missed="2" covered="0"/>
				<counter type="COMPLEXITY" missed="1" covered="0"/>
				<counter type="METHOD" missed="1" covered="0"/>
			</method>
			<method name="printTest" desc="()V" line="9">
				<counter type="INSTRUCTION" missed="4" covered="0"/>
				<counter type="LINE" missed="2" covered="0"/>
				<counter type="COMPLEXITY" missed="1" covered="0"/>
				<counter type="METHOD" missed="1" covered="0"/>
			</method>
			<counter type="INSTRUCTION" missed="7" covered="0"/>
			<counter type="LINE" missed="4" covered="0"/>
			<counter type="COMPLEXITY" missed="2" covered="0"/>
			<counter type="METHOD" missed="2" covered="0"/>
			<counter type="CLASS" missed="1" covered="0"/>
		</class>
		<class name="counter/unterordner/ZweiteKlasse" sourcefilename="UnterOrdnerTest.java">
			<method name="&lt;init&gt;" desc="()V" line="23">
				<counter type="INSTRUCTION" missed="3" covered="0"/>
				<counter type="LINE" missed="1" covered="0"/>
				<counter type="COMPLEXITY" missed="1" covered="0"/>
				<counter type="METHOD" missed="1" covered="0"/>
			</method>
			<method name="foo" desc="(I)I" line="27">
				<counter type="INSTRUCTION" missed="6" covered="0"/>
				<counter type="LINE" missed="2" covered="0"/>
				<counter type="COMPLEXITY" missed="1" covered="0"/>
				<counter type="METHOD" missed="1" covered="0"/>
			</method>
			<counter type="INSTRUCTION" missed="9" covered="0"/>
			<counter type="LINE" missed="3" covered="0"/>
			<counter type="COMPLEXITY" missed="2" covered="0"/>
			<counter type="METHOD" missed="2" covered="0"/>
			<counter type="CLASS" missed="1" covered="0"/>
		</class>
		<sourcefile name="UnterOrdnerTest.java">
			<line nr="4" mi="2" ci="0" mb="0" cb="0"/>
			<line nr="6" mi="1" ci="0" mb="0" cb="0"/>
			<line nr="9" mi="3" ci="0" mb="0" cb="0"/>
			<line nr="10" mi="1" ci="0" mb="0" cb="0"/>
			<line nr="12" mi="6" ci="0" mb="0" cb="0"/>
			<line nr="15" mi="2" ci="0" mb="0" cb="0"/>
			<line nr="16" mi="4" ci="0" mb="0" cb="0"/>
			<line nr="23" mi="3" ci="0" mb="0" cb="0"/>
			<line nr="27" mi="2" ci="0" mb="0" cb="0"/>
			<line nr="28" mi="4" ci="0" mb="0" cb="0"/>
			<counter type="INSTRUCTION" missed="28" covered="0"/>
			<counter type="LINE" missed="10" covered="0"/>
			<counter type="COMPLEXITY" missed="6" covered="0"/>
			<counter type="METHOD" missed="6" covered="0"/>
			<counter type="CLASS" missed="3" covered="0"/>
		</sourcefile>
		<counter type="INSTRUCTION" missed="28" covered="0"/>
		<counter type="LINE" missed="10" covered="0"/>
		<counter type="COMPLEXITY" missed="6" covered="0"/>
		<counter type="METHOD" missed="6" covered="0"/>
		<counter type="CLASS" missed="3" covered="0"/>
	</package>
	<package name="counter">
		<class name="counter/CountVowels" sourcefilename="CountVowels.java">
			<method name="&lt;init&gt;" desc="()V" line="5">
				<counter type="INSTRUCTION" missed="0" covered="27"/>
				<counter type="LINE" missed="0" covered="3"/>
				<counter type="COMPLEXITY" missed="0" covered="1"/>
				<counter type="METHOD" missed="0" covered="1"/>
			</method>
			<method name="countVowels" desc="(Ljava/lang/String;)I" line="11">
				<counter type="INSTRUCTION" missed="0" covered="39"/>
				<counter type="BRANCH" missed="0" covered="6"/>
				<counter type="LINE" missed="0" covered="8"/>
				<counter type="COMPLEXITY" missed="0" covered="4"/>
				<counter type="METHOD" missed="0" covered="1"/>
			</method>
			<method name="getVowels" desc="()[C" line="26">
				<counter type="INSTRUCTION" missed="3" covered="0"/>
				<counter type="LINE" missed="1" covered="0"/>
				<counter type="COMPLEXITY" missed="1" covered="0"/>
				<counter type="METHOD" missed="1" covered="0"/>
			</method>
			<method name="setVowels" desc="([C)V" line="30">
				<counter type="INSTRUCTION" missed="4" covered="0"/>
				<counter type="LINE" missed="2" covered="0"/>
				<counter type="COMPLEXITY" missed="1" covered="0"/>
				<counter type="METHOD" missed="1" covered="0"/>
			</method>
			<counter type="INSTRUCTION" missed="7" covered="66"/>
			<counter type="BRANCH" missed="0" covered="6"/>
			<counter type="LINE" missed="3" covered="11"/>
			<counter type="COMPLEXITY" missed="2" covered="5"/>
			<counter type="METHOD" missed="2" covered="2"/>
			<counter type="CLASS" missed="0" covered="1"/>
		</class>
		<class name="counter/CountToAThousand" sourcefilename="CountToAThousand.java">
			<method name="&lt;init&gt;" desc="()V" line="8">
				<counter type="INSTRUCTION" missed="0" covered="33"/>
				<counter type="LINE" missed="0" covered="7"/>
				<counter type="COMPLEXITY" missed="0" covered="1"/>
				<counter type="METHOD" missed="0" covered="1"/>
			</method>
			<method name="countWithFibbonaci" desc="(I)V" line="19">
				<counter type="INSTRUCTION" missed="3" covered="84"/>
				<counter type="BRANCH" missed="1" covered="5"/>
				<counter type="LINE" missed="1" covered="16"/>
				<counter type="COMPLEXITY" missed="1" covered="3"/>
				<counter type="METHOD" missed="0" covered="1"/>
			</method>
			<method name="getFirst" desc="()I" line="40">
				<counter type="INSTRUCTION" missed="3" covered="0"/>
				<counter type="LINE" missed="1" covered="0"/>
				<counter type="COMPLEXITY" missed="1" covered="0"/>
				<counter type="METHOD" missed="1" covered="0"/>
			</method>
			<method name="setFirst" desc="(I)V" line="44">
				<counter type="INSTRUCTION" missed="4" covered="0"/>
				<counter type="LINE" missed="2" covered="0"/>
				<counter type="COMPLEXITY" missed="1" covered="0"/>
				<counter type="METHOD" missed="1" covered="0"/>
			</method>
			<method name="getSecond" desc="()I" line="48">
				<counter type="INSTRUCTION" missed="3" covered="0"/>
				<counter type="LINE" missed="1" covered="0"/>
				<counter type="COMPLEXITY" missed="1" covered="0"/>
				<counter type="METHOD" missed="1" covered="0"/>
			</method>
			<method name="setSecond" desc="(I)V" line="52">
				<counter type="INSTRUCTION" missed="4" covered="0"/>
				<counter type="LINE" missed="2" covered="0"/>
				<counter type="COMPLEXITY" missed="1" covered="0"/>
				<counter type="METHOD" missed="1" covered="0"/>
			</method>
			<counter type="INSTRUCTION" missed="17" covered="117"/>
			<counter type="BRANCH" missed="1" covered="5"/>
			<counter type="LINE" missed="7" covered="23"/>
			<counter type="COMPLEXITY" missed="5" covered="4"/>
			<counter type="METHOD" missed="4" covered="2"/>
			<counter type="CLASS" missed="0" covered="1"/>
		</class>
		<class name="counter/CountConsonants" sourcefilename="CountConsonants.java">
			<method name="&lt;init&gt;" desc="()V" line="5">
				<counter type="INSTRUCTION" missed="0" covered="91"/>
				<counter type="LINE" missed="0" covered="3"/>
				<counter type="COMPLEXITY" missed="0" covered="1"/>
				<counter type="METHOD" missed="0" covered="1"/>
			</method>
			<method name="countConsonants" desc="(Ljava/lang/String;)I" line="12">
				<counter type="INSTRUCTION" missed="0" covered="39"/>
				<counter type="BRANCH" missed="0" covered="6"/>
				<counter type="LINE" missed="0" covered="8"/>
				<counter type="COMPLEXITY" missed="0" covered="4"/>
				<counter type="METHOD" missed="0" covered="1"/>
			</method>
			<method name="getConsonants" desc="()[C" line="27">
				<counter type="INSTRUCTION" missed="3" covered="0"/>
				<counter type="LINE" missed="1" covered="0"/>
				<counter type="COMPLEXITY" missed="1" covered="0"/>
				<counter type="METHOD" missed="1" covered="0"/>
			</method>
			<method name="setConsonants" desc="([C)V" line="31">
				<counter type="INSTRUCTION" missed="4" covered="0"/>
				<counter type="LINE" missed="2" covered="0"/>
				<counter type="COMPLEXITY" missed="1" covered="0"/>
				<counter type="METHOD" missed="1" covered="0"/>
			</method>
			<counter type="INSTRUCTION" missed="7" covered="130"/>
			<counter type="BRANCH" missed="0" covered="6"/>
			<counter type="LINE" missed="3" covered="11"/>
			<counter type="COMPLEXITY" missed="2" covered="5"/>
			<counter type="METHOD" missed="2" covered="2"/>
			<counter type="CLASS" missed="0" covered="1"/>
		</class>
		<sourcefile name="CountConsonants.java">
			<line nr="5" mi="0" ci="88" mb="0" cb="0"/>
			<line nr="7" mi="0" ci="2" mb="0" cb="0"/>
			<line nr="9" mi="0" ci="1" mb="0" cb="0"/>
			<line nr="12" mi="0" ci="3" mb="0" cb="0"/>
			<line nr="13" mi="0" ci="2" mb="0" cb="0"/>
			<line nr="14" mi="0" ci="8" mb="0" cb="2"/>
			<line nr="16" mi="0" ci="17" mb="0" cb="2"/>
			<line nr="17" mi="0" ci="5" mb="0" cb="2"/>
			<line nr="18" mi="0" ci="1" mb="0" cb="0"/>
			<line nr="19" mi="0" ci="1" mb="0" cb="0"/>
			<line nr="23" mi="0" ci="2" mb="0" cb="0"/>
			<line nr="27" mi="3" ci="0" mb="0" cb="0"/>
			<line nr="31" mi="3" ci="0" mb="0" cb="0"/>
			<line nr="32" mi="1" ci="0" mb="0" cb="0"/>
			<counter type="INSTRUCTION" missed="7" covered="130"/>
			<counter type="BRANCH" missed="0" covered="6"/>
			<counter type="LINE" missed="3" covered="11"/>
			<counter type="COMPLEXITY" missed="2" covered="5"/>
			<counter type="METHOD" missed="2" covered="2"/>
			<counter type="CLASS" missed="0" covered="1"/>
		</sourcefile>
		<sourcefile name="CountToAThousand.java">
			<line nr="8" mi="0" ci="3" mb="0" cb="0"/>
			<line nr="9" mi="0" ci="3" mb="0" cb="0"/>
			<line nr="10" mi="0" ci="3" mb="0" cb="0"/>
			<line nr="11" mi="0" ci="5" mb="0" cb="0"/>
			<line nr="12" mi="0" ci="16" mb="0" cb="0"/>
			<line nr="14" mi="0" ci="2" mb="0" cb="0"/>
			<line nr="16" mi="0" ci="1" mb="0" cb="0"/>
			<line nr="19" mi="0" ci="5" mb="0" cb="0"/>
			<line nr="20" mi="0" ci="5" mb="0" cb="0"/>
			<line nr="21" mi="0" ci="3" mb="0" cb="0"/>
			<line nr="22" mi="0" ci="19" mb="0" cb="0"/>
			<line nr="23" mi="0" ci="3" mb="1" cb="1"/>
			<line nr="24" mi="3" ci="0" mb="0" cb="0"/>
			<line nr="26" mi="0" ci="3" mb="0" cb="2"/>
			<line nr="27" mi="0" ci="3" mb="0" cb="0"/>
			<line nr="28" mi="0" ci="3" mb="0" cb="0"/>
			<line nr="29" mi="0" ci="9" mb="0" cb="2"/>
			<line nr="30" mi="0" ci="3" mb="0" cb="0"/>
			<line nr="31" mi="0" ci="4" mb="0" cb="0"/>
			<line nr="32" mi="0" ci="6" mb="0" cb="0"/>
			<line nr="33" mi="0" ci="1" mb="0" cb="0"/>
			<line nr="34" mi="0" ci="10" mb="0" cb="0"/>
			<line nr="35" mi="0" ci="6" mb="0" cb="0"/>
			<line nr="37" mi="0" ci="1" mb="0" cb="0"/>
			<line nr="40" mi="3" ci="0" mb="0" cb="0"/>
			<line nr="44" mi="3" ci="0" mb="0" cb="0"/>
			<line nr="45" mi="1" ci="0" mb="0" cb="0"/>
			<line nr="48" mi="3" ci="0" mb="0" cb="0"/>
			<line nr="52" mi="3" ci="0" mb="0" cb="0"/>
			<line nr="53" mi="1" ci="0" mb="0" cb="0"/>
			<counter type="INSTRUCTION" missed="17" covered="117"/>
			<counter type="BRANCH" missed="1" covered="5"/>
			<counter type="LINE" missed="7" covered="23"/>
			<counter type="COMPLEXITY" missed="5" covered="4"/>
			<counter type="METHOD" missed="4" covered="2"/>
			<counter type="CLASS" missed="0" covered="1"/>
		</sourcefile>
		<sourcefile name="CountVowels.java">
			<line nr="5" mi="0" ci="24" mb="0" cb="0"/>
			<line nr="7" mi="0" ci="2" mb="0" cb="0"/>
			<line nr="8" mi="0" ci="1" mb="0" cb="0"/>
			<line nr="11" mi="0" ci="3" mb="0" cb="0"/>
			<line nr="12" mi="0" ci="2" mb="0" cb="0"/>
			<line nr="13" mi="0" ci="8" mb="0" cb="2"/>
			<line nr="15" mi="0" ci="17" mb="0" cb="2"/>
			<line nr="16" mi="0" ci="5" mb="0" cb="2"/>
			<line nr="17" mi="0" ci="1" mb="0" cb="0"/>
			<line nr="18" mi="0" ci="1" mb="0" cb="0"/>
			<line nr="22" mi="0" ci="2" mb="0" cb="0"/>
			<line nr="26" mi="3" ci="0" mb="0" cb="0"/>
			<line nr="30" mi="3" ci="0" mb="0" cb="0"/>
			<line nr="31" mi="1" ci="0" mb="0" cb="0"/>
			<counter type="INSTRUCTION" missed="7" covered="66"/>
			<counter type="BRANCH" missed="0" covered="6"/>
			<counter type="LINE" missed="3" covered="11"/>
			<counter type="COMPLEXITY" missed="2" covered="5"/>
			<counter type="METHOD" missed="2" covered="2"/>
			<counter type="CLASS" missed="0" covered="1"/>
		</sourcefile>
		<counter type="INSTRUCTION" missed="31" covered="313"/>
		<counter type="BRANCH" missed="1" covered="17"/>
		<counter type="LINE" missed="13" covered="45"/>
		<counter type="COMPLEXITY" missed="9" covered="14"/>
		<counter type="METHOD" missed="8" covered="6"/>
		<counter type="CLASS" missed="0" covered="3"/>
	</package>
	<counter type="INSTRUCTION" missed="1313" covered="441"/>
	<counter type="BRANCH" missed="101" covered="27"/>
	<counter type="LINE" missed="330" covered="83"/>
	<counter type="COMPLEXITY" missed="107" covered="20"/>
	<counter type="METHOD" missed="55" covered="8"/>
	<counter type="CLASS" missed="6" covered="4"/>
</report>